{"C:\\Users\\DELL\\Desktop\\subka bazar redux - test case coverage\\subkabazar\\src\\App\\StoreSlice.js": {"path":"C:\\Users\\DELL\\Desktop\\subka bazar redux - test case coverage\\subkabazar\\src\\App\\StoreSlice.js","all":false,"statementMap":{"0":{"start":{"line":1,"column":0},"end":{"line":1,"column":120}},"1":{"start":{"line":2,"column":0},"end":{"line":2,"column":0}},"2":{"start":{"line":3,"column":0},"end":{"line":3,"column":28}},"3":{"start":{"line":4,"column":0},"end":{"line":4,"column":46}},"4":{"start":{"line":5,"column":0},"end":{"line":5,"column":24}},"5":{"start":{"line":6,"column":0},"end":{"line":6,"column":15}},"6":{"start":{"line":7,"column":0},"end":{"line":7,"column":61}},"7":{"start":{"line":8,"column":0},"end":{"line":8,"column":27}},"8":{"start":{"line":9,"column":0},"end":{"line":9,"column":3}},"9":{"start":{"line":10,"column":0},"end":{"line":10,"column":2}},"10":{"start":{"line":11,"column":0},"end":{"line":11,"column":0}},"11":{"start":{"line":12,"column":0},"end":{"line":12,"column":48}},"12":{"start":{"line":13,"column":0},"end":{"line":13,"column":26}},"13":{"start":{"line":14,"column":0},"end":{"line":14,"column":15}},"14":{"start":{"line":15,"column":0},"end":{"line":15,"column":63}},"15":{"start":{"line":16,"column":0},"end":{"line":16,"column":27}},"16":{"start":{"line":17,"column":0},"end":{"line":17,"column":3}},"17":{"start":{"line":18,"column":0},"end":{"line":18,"column":2}},"18":{"start":{"line":19,"column":0},"end":{"line":19,"column":0}},"19":{"start":{"line":20,"column":0},"end":{"line":20,"column":80}},"20":{"start":{"line":21,"column":0},"end":{"line":21,"column":58}},"21":{"start":{"line":22,"column":0},"end":{"line":22,"column":25}},"22":{"start":{"line":23,"column":0},"end":{"line":23,"column":3}},"23":{"start":{"line":24,"column":0},"end":{"line":24,"column":0}},"24":{"start":{"line":25,"column":0},"end":{"line":25,"column":44}},"25":{"start":{"line":26,"column":0},"end":{"line":26,"column":22}},"26":{"start":{"line":27,"column":0},"end":{"line":27,"column":24}},"27":{"start":{"line":28,"column":0},"end":{"line":28,"column":18}},"28":{"start":{"line":29,"column":0},"end":{"line":29,"column":68}},"29":{"start":{"line":30,"column":0},"end":{"line":30,"column":18}},"30":{"start":{"line":31,"column":0},"end":{"line":31,"column":3}},"31":{"start":{"line":32,"column":0},"end":{"line":32,"column":2}},"32":{"start":{"line":33,"column":0},"end":{"line":33,"column":0}},"33":{"start":{"line":34,"column":0},"end":{"line":34,"column":32}},"34":{"start":{"line":35,"column":0},"end":{"line":35,"column":16}},"35":{"start":{"line":36,"column":0},"end":{"line":36,"column":17}},"36":{"start":{"line":37,"column":0},"end":{"line":37,"column":17}},"37":{"start":{"line":38,"column":0},"end":{"line":38,"column":19}},"38":{"start":{"line":39,"column":0},"end":{"line":39,"column":23}},"39":{"start":{"line":40,"column":0},"end":{"line":40,"column":16}},"40":{"start":{"line":41,"column":0},"end":{"line":41,"column":13}},"41":{"start":{"line":42,"column":0},"end":{"line":42,"column":15}},"42":{"start":{"line":43,"column":0},"end":{"line":43,"column":11}},"43":{"start":{"line":44,"column":0},"end":{"line":44,"column":64}},"44":{"start":{"line":45,"column":0},"end":{"line":45,"column":57}},"45":{"start":{"line":46,"column":0},"end":{"line":46,"column":75}},"46":{"start":{"line":47,"column":0},"end":{"line":47,"column":6}},"47":{"start":{"line":48,"column":0},"end":{"line":48,"column":4}},"48":{"start":{"line":49,"column":0},"end":{"line":49,"column":13}},"49":{"start":{"line":50,"column":0},"end":{"line":50,"column":40}},"50":{"start":{"line":51,"column":0},"end":{"line":51,"column":41}},"51":{"start":{"line":52,"column":0},"end":{"line":52,"column":6}},"52":{"start":{"line":53,"column":0},"end":{"line":53,"column":35}},"53":{"start":{"line":54,"column":0},"end":{"line":54,"column":43}},"54":{"start":{"line":55,"column":0},"end":{"line":55,"column":47}},"55":{"start":{"line":56,"column":0},"end":{"line":56,"column":8}},"56":{"start":{"line":57,"column":0},"end":{"line":57,"column":25}},"57":{"start":{"line":58,"column":0},"end":{"line":58,"column":35}},"58":{"start":{"line":59,"column":0},"end":{"line":59,"column":14}},"59":{"start":{"line":60,"column":0},"end":{"line":60,"column":60}},"60":{"start":{"line":61,"column":0},"end":{"line":61,"column":7}},"61":{"start":{"line":62,"column":0},"end":{"line":62,"column":6}},"62":{"start":{"line":63,"column":0},"end":{"line":63,"column":40}},"63":{"start":{"line":64,"column":0},"end":{"line":64,"column":29}},"64":{"start":{"line":65,"column":0},"end":{"line":65,"column":22}},"65":{"start":{"line":66,"column":0},"end":{"line":66,"column":36}},"66":{"start":{"line":67,"column":0},"end":{"line":67,"column":54}},"67":{"start":{"line":68,"column":0},"end":{"line":68,"column":18}},"68":{"start":{"line":69,"column":0},"end":{"line":69,"column":9}},"69":{"start":{"line":70,"column":0},"end":{"line":70,"column":45}},"70":{"start":{"line":71,"column":0},"end":{"line":71,"column":6}},"71":{"start":{"line":72,"column":0},"end":{"line":72,"column":27}},"72":{"start":{"line":73,"column":0},"end":{"line":73,"column":22}},"73":{"start":{"line":74,"column":0},"end":{"line":74,"column":6}},"74":{"start":{"line":75,"column":0},"end":{"line":75,"column":35}},"75":{"start":{"line":76,"column":0},"end":{"line":76,"column":36}},"76":{"start":{"line":77,"column":0},"end":{"line":77,"column":6}},"77":{"start":{"line":78,"column":0},"end":{"line":78,"column":38}},"78":{"start":{"line":79,"column":0},"end":{"line":79,"column":43}},"79":{"start":{"line":80,"column":0},"end":{"line":80,"column":35}},"80":{"start":{"line":81,"column":0},"end":{"line":81,"column":50}},"81":{"start":{"line":82,"column":0},"end":{"line":82,"column":0}},"82":{"start":{"line":83,"column":0},"end":{"line":83,"column":77}},"83":{"start":{"line":84,"column":0},"end":{"line":84,"column":49}},"84":{"start":{"line":85,"column":0},"end":{"line":85,"column":62}},"85":{"start":{"line":86,"column":0},"end":{"line":86,"column":6}},"86":{"start":{"line":87,"column":0},"end":{"line":87,"column":35}},"87":{"start":{"line":88,"column":0},"end":{"line":88,"column":35}},"88":{"start":{"line":89,"column":0},"end":{"line":89,"column":44}},"89":{"start":{"line":90,"column":0},"end":{"line":90,"column":49}},"90":{"start":{"line":91,"column":0},"end":{"line":91,"column":56}},"91":{"start":{"line":92,"column":0},"end":{"line":92,"column":6}},"92":{"start":{"line":93,"column":0},"end":{"line":93,"column":28}},"93":{"start":{"line":94,"column":0},"end":{"line":94,"column":36}},"94":{"start":{"line":95,"column":0},"end":{"line":95,"column":32}},"95":{"start":{"line":96,"column":0},"end":{"line":96,"column":44}},"96":{"start":{"line":97,"column":0},"end":{"line":97,"column":43}},"97":{"start":{"line":98,"column":0},"end":{"line":98,"column":6}},"98":{"start":{"line":99,"column":0},"end":{"line":99,"column":4}},"99":{"start":{"line":100,"column":0},"end":{"line":100,"column":31}},"100":{"start":{"line":101,"column":0},"end":{"line":101,"column":11}},"101":{"start":{"line":102,"column":0},"end":{"line":102,"column":60}},"102":{"start":{"line":103,"column":0},"end":{"line":103,"column":40}},"103":{"start":{"line":104,"column":0},"end":{"line":104,"column":8}},"104":{"start":{"line":105,"column":0},"end":{"line":105,"column":62}},"105":{"start":{"line":106,"column":0},"end":{"line":106,"column":42}},"106":{"start":{"line":107,"column":0},"end":{"line":107,"column":8}},"107":{"start":{"line":108,"column":0},"end":{"line":108,"column":59}},"108":{"start":{"line":109,"column":0},"end":{"line":109,"column":39}},"109":{"start":{"line":110,"column":0},"end":{"line":110,"column":8}},"110":{"start":{"line":111,"column":0},"end":{"line":111,"column":58}},"111":{"start":{"line":112,"column":0},"end":{"line":112,"column":38}},"112":{"start":{"line":113,"column":0},"end":{"line":113,"column":9}},"113":{"start":{"line":114,"column":0},"end":{"line":114,"column":4}},"114":{"start":{"line":115,"column":0},"end":{"line":115,"column":3}},"115":{"start":{"line":116,"column":0},"end":{"line":116,"column":0}},"116":{"start":{"line":117,"column":0},"end":{"line":117,"column":14}},"117":{"start":{"line":118,"column":0},"end":{"line":118,"column":17}},"118":{"start":{"line":119,"column":0},"end":{"line":119,"column":12}},"119":{"start":{"line":120,"column":0},"end":{"line":120,"column":17}},"120":{"start":{"line":121,"column":0},"end":{"line":121,"column":12}},"121":{"start":{"line":122,"column":0},"end":{"line":122,"column":12}},"122":{"start":{"line":123,"column":0},"end":{"line":123,"column":15}},"123":{"start":{"line":124,"column":0},"end":{"line":124,"column":12}},"124":{"start":{"line":125,"column":0},"end":{"line":125,"column":13}},"125":{"start":{"line":126,"column":0},"end":{"line":126,"column":23}},"126":{"start":{"line":127,"column":0},"end":{"line":127,"column":34}}},"s":{"0":1,"1":1,"2":1,"3":1,"4":1,"5":1,"6":1,"7":1,"8":1,"9":1,"10":1,"11":1,"12":1,"13":1,"14":1,"15":1,"16":1,"17":1,"18":1,"19":1,"20":0,"21":0,"22":1,"23":1,"24":1,"25":1,"26":1,"27":1,"28":1,"29":1,"30":1,"31":1,"32":1,"33":1,"34":1,"35":1,"36":1,"37":1,"38":1,"39":1,"40":1,"41":1,"42":1,"43":1,"44":1,"45":1,"46":1,"47":1,"48":1,"49":1,"50":1,"51":1,"52":1,"53":3,"54":3,"55":3,"56":3,"57":1,"58":3,"59":2,"60":2,"61":1,"62":1,"63":2,"64":2,"65":2,"66":2,"67":2,"68":2,"69":2,"70":1,"71":1,"72":1,"73":1,"74":1,"75":1,"76":1,"77":1,"78":1,"79":1,"80":1,"81":1,"82":1,"83":1,"84":1,"85":1,"86":1,"87":1,"88":1,"89":1,"90":1,"91":1,"92":1,"93":1,"94":1,"95":1,"96":1,"97":1,"98":1,"99":1,"100":1,"101":1,"102":1,"103":1,"104":1,"105":1,"106":1,"107":1,"108":0,"109":1,"110":1,"111":1,"112":1,"113":1,"114":1,"115":1,"116":1,"117":1,"118":1,"119":1,"120":1,"121":1,"122":1,"123":1,"124":1,"125":1,"126":1},"branchMap":{"0":{"type":"branch","line":6,"loc":{"start":{"line":6,"column":2},"end":{"line":9,"column":3}},"locations":[{"start":{"line":6,"column":2},"end":{"line":9,"column":3}}]},"1":{"type":"branch","line":14,"loc":{"start":{"line":14,"column":2},"end":{"line":17,"column":3}},"locations":[{"start":{"line":14,"column":2},"end":{"line":17,"column":3}}]},"2":{"type":"branch","line":27,"loc":{"start":{"line":27,"column":2},"end":{"line":31,"column":3}},"locations":[{"start":{"line":27,"column":2},"end":{"line":31,"column":3}}]},"3":{"type":"branch","line":29,"loc":{"start":{"line":29,"column":62},"end":{"line":29,"column":67}},"locations":[{"start":{"line":29,"column":62},"end":{"line":29,"column":67}}]},"4":{"type":"branch","line":50,"loc":{"start":{"line":50,"column":20},"end":{"line":52,"column":5}},"locations":[{"start":{"line":50,"column":20},"end":{"line":52,"column":5}}]},"5":{"type":"branch","line":53,"loc":{"start":{"line":53,"column":15},"end":{"line":62,"column":5}},"locations":[{"start":{"line":53,"column":15},"end":{"line":62,"column":5}}]},"6":{"type":"branch","line":57,"loc":{"start":{"line":57,"column":24},"end":{"line":59,"column":7}},"locations":[{"start":{"line":57,"column":24},"end":{"line":59,"column":7}}]},"7":{"type":"branch","line":59,"loc":{"start":{"line":59,"column":7},"end":{"line":61,"column":7}},"locations":[{"start":{"line":59,"column":7},"end":{"line":61,"column":7}}]},"8":{"type":"branch","line":55,"loc":{"start":{"line":55,"column":8},"end":{"line":55,"column":47}},"locations":[{"start":{"line":55,"column":8},"end":{"line":55,"column":47}}]},"9":{"type":"branch","line":63,"loc":{"start":{"line":63,"column":20},"end":{"line":71,"column":5}},"locations":[{"start":{"line":63,"column":20},"end":{"line":71,"column":5}}]},"10":{"type":"branch","line":65,"loc":{"start":{"line":65,"column":13},"end":{"line":68,"column":18}},"locations":[{"start":{"line":65,"column":13},"end":{"line":68,"column":18}}]},"11":{"type":"branch","line":68,"loc":{"start":{"line":68,"column":12},"end":{"line":68,"column":18}},"locations":[{"start":{"line":68,"column":12},"end":{"line":68,"column":18}}]},"12":{"type":"branch","line":70,"loc":{"start":{"line":70,"column":16},"end":{"line":70,"column":43}},"locations":[{"start":{"line":70,"column":16},"end":{"line":70,"column":43}}]},"13":{"type":"branch","line":72,"loc":{"start":{"line":72,"column":15},"end":{"line":74,"column":5}},"locations":[{"start":{"line":72,"column":15},"end":{"line":74,"column":5}}]},"14":{"type":"branch","line":75,"loc":{"start":{"line":75,"column":15},"end":{"line":77,"column":5}},"locations":[{"start":{"line":75,"column":15},"end":{"line":77,"column":5}}]},"15":{"type":"branch","line":78,"loc":{"start":{"line":78,"column":18},"end":{"line":86,"column":5}},"locations":[{"start":{"line":78,"column":18},"end":{"line":86,"column":5}}]},"16":{"type":"branch","line":87,"loc":{"start":{"line":87,"column":15},"end":{"line":92,"column":5}},"locations":[{"start":{"line":87,"column":15},"end":{"line":92,"column":5}}]},"17":{"type":"branch","line":93,"loc":{"start":{"line":93,"column":16},"end":{"line":98,"column":5}},"locations":[{"start":{"line":93,"column":16},"end":{"line":98,"column":5}}]},"18":{"type":"branch","line":100,"loc":{"start":{"line":100,"column":17},"end":{"line":114,"column":3}},"locations":[{"start":{"line":100,"column":17},"end":{"line":114,"column":3}}]},"19":{"type":"branch","line":102,"loc":{"start":{"line":102,"column":40},"end":{"line":104,"column":7}},"locations":[{"start":{"line":102,"column":40},"end":{"line":104,"column":7}}]},"20":{"type":"branch","line":105,"loc":{"start":{"line":105,"column":42},"end":{"line":107,"column":7}},"locations":[{"start":{"line":105,"column":42},"end":{"line":107,"column":7}}]},"21":{"type":"branch","line":111,"loc":{"start":{"line":111,"column":38},"end":{"line":113,"column":7}},"locations":[{"start":{"line":111,"column":38},"end":{"line":113,"column":7}}]}},"b":{"0":[1],"1":[1],"2":[1],"3":[0],"4":[1],"5":[3],"6":[1],"7":[2],"8":[1],"9":[2],"10":[2],"11":[0],"12":[2],"13":[1],"14":[1],"15":[1],"16":[1],"17":[1],"18":[1],"19":[1],"20":[1],"21":[1]},"fnMap":{"0":{"name":"setShowProduct","decl":{"start":{"line":50,"column":20},"end":{"line":52,"column":5}},"loc":{"start":{"line":50,"column":20},"end":{"line":52,"column":5}},"line":50},"1":{"name":"addToCart","decl":{"start":{"line":53,"column":15},"end":{"line":62,"column":5}},"loc":{"start":{"line":53,"column":15},"end":{"line":62,"column":5}},"line":53},"2":{"name":"removeFromCart","decl":{"start":{"line":63,"column":20},"end":{"line":71,"column":5}},"loc":{"start":{"line":63,"column":20},"end":{"line":71,"column":5}},"line":63},"3":{"name":"clearCart","decl":{"start":{"line":72,"column":15},"end":{"line":74,"column":5}},"loc":{"start":{"line":72,"column":15},"end":{"line":74,"column":5}},"line":72},"4":{"name":"setOrders","decl":{"start":{"line":75,"column":15},"end":{"line":77,"column":5}},"loc":{"start":{"line":75,"column":15},"end":{"line":77,"column":5}},"line":75},"5":{"name":"registerUser","decl":{"start":{"line":78,"column":18},"end":{"line":86,"column":5}},"loc":{"start":{"line":78,"column":18},"end":{"line":86,"column":5}},"line":78},"6":{"name":"loginUser","decl":{"start":{"line":87,"column":15},"end":{"line":92,"column":5}},"loc":{"start":{"line":87,"column":15},"end":{"line":92,"column":5}},"line":87},"7":{"name":"logoutUser","decl":{"start":{"line":93,"column":16},"end":{"line":98,"column":5}},"loc":{"start":{"line":93,"column":16},"end":{"line":98,"column":5}},"line":93},"8":{"name":"extraReducers","decl":{"start":{"line":100,"column":17},"end":{"line":114,"column":3}},"loc":{"start":{"line":100,"column":17},"end":{"line":114,"column":3}},"line":100}},"f":{"0":1,"1":3,"2":2,"3":1,"4":1,"5":1,"6":1,"7":1,"8":1}}
,"C:\\Users\\DELL\\Desktop\\subka bazar redux - test case coverage\\subkabazar\\src\\component\\Advetisement\\Advertise.jsx": {"path":"C:\\Users\\DELL\\Desktop\\subka bazar redux - test case coverage\\subkabazar\\src\\component\\Advetisement\\Advertise.jsx","all":false,"statementMap":{"0":{"start":{"line":1,"column":0},"end":{"line":1,"column":41}},"1":{"start":{"line":2,"column":0},"end":{"line":2,"column":55}},"2":{"start":{"line":3,"column":0},"end":{"line":3,"column":91}},"3":{"start":{"line":4,"column":0},"end":{"line":4,"column":0}},"4":{"start":{"line":5,"column":0},"end":{"line":5,"column":25}},"5":{"start":{"line":6,"column":0},"end":{"line":6,"column":33}},"6":{"start":{"line":7,"column":0},"end":{"line":7,"column":96}},"7":{"start":{"line":8,"column":0},"end":{"line":8,"column":0}},"8":{"start":{"line":9,"column":0},"end":{"line":9,"column":19}},"9":{"start":{"line":10,"column":0},"end":{"line":10,"column":68}},"10":{"start":{"line":11,"column":0},"end":{"line":11,"column":17}},"11":{"start":{"line":12,"column":0},"end":{"line":12,"column":0}},"12":{"start":{"line":13,"column":0},"end":{"line":13,"column":63}},"13":{"start":{"line":14,"column":0},"end":{"line":14,"column":20}},"14":{"start":{"line":15,"column":0},"end":{"line":15,"column":72}},"15":{"start":{"line":16,"column":0},"end":{"line":16,"column":0}},"16":{"start":{"line":17,"column":0},"end":{"line":17,"column":10}},"17":{"start":{"line":18,"column":0},"end":{"line":18,"column":41}},"18":{"start":{"line":19,"column":0},"end":{"line":19,"column":71}},"19":{"start":{"line":20,"column":0},"end":{"line":20,"column":12}},"20":{"start":{"line":21,"column":0},"end":{"line":21,"column":31}},"21":{"start":{"line":22,"column":0},"end":{"line":22,"column":52}},"22":{"start":{"line":23,"column":0},"end":{"line":23,"column":29}},"23":{"start":{"line":24,"column":0},"end":{"line":24,"column":10}},"24":{"start":{"line":25,"column":0},"end":{"line":25,"column":8}},"25":{"start":{"line":26,"column":0},"end":{"line":26,"column":10}},"26":{"start":{"line":27,"column":0},"end":{"line":27,"column":4}},"27":{"start":{"line":28,"column":0},"end":{"line":28,"column":2}},"28":{"start":{"line":29,"column":0},"end":{"line":29,"column":0}},"29":{"start":{"line":30,"column":0},"end":{"line":30,"column":25}}},"s":{"0":1,"1":1,"2":1,"3":1,"4":1,"5":3,"6":3,"7":3,"8":3,"9":3,"10":3,"11":3,"12":3,"13":3,"14":3,"15":3,"16":3,"17":3,"18":3,"19":1,"20":1,"21":1,"22":1,"23":1,"24":3,"25":3,"26":3,"27":3,"28":1,"29":1},"branchMap":{"0":{"type":"branch","line":5,"loc":{"start":{"line":5,"column":18},"end":{"line":28,"column":2}},"locations":[{"start":{"line":5,"column":18},"end":{"line":28,"column":2}}]},"1":{"type":"branch","line":15,"loc":{"start":{"line":15,"column":21},"end":{"line":15,"column":70}},"locations":[{"start":{"line":15,"column":21},"end":{"line":15,"column":70}}]},"2":{"type":"branch","line":15,"loc":{"start":{"line":15,"column":66},"end":{"line":15,"column":72}},"locations":[{"start":{"line":15,"column":66},"end":{"line":15,"column":72}}]},"3":{"type":"branch","line":19,"loc":{"start":{"line":19,"column":24},"end":{"line":19,"column":71}},"locations":[{"start":{"line":19,"column":24},"end":{"line":19,"column":71}}]},"4":{"type":"branch","line":19,"loc":{"start":{"line":19,"column":52},"end":{"line":24,"column":10}},"locations":[{"start":{"line":19,"column":52},"end":{"line":24,"column":10}}]},"5":{"type":"branch","line":7,"loc":{"start":{"line":7,"column":30},"end":{"line":7,"column":60}},"locations":[{"start":{"line":7,"column":30},"end":{"line":7,"column":60}}]},"6":{"type":"branch","line":9,"loc":{"start":{"line":9,"column":12},"end":{"line":11,"column":5}},"locations":[{"start":{"line":9,"column":12},"end":{"line":11,"column":5}}]}},"b":{"0":[3],"1":[1],"2":[2],"3":[1],"4":[1],"5":[6],"6":[3]},"fnMap":{"0":{"name":"Advertise","decl":{"start":{"line":5,"column":18},"end":{"line":28,"column":2}},"loc":{"start":{"line":5,"column":18},"end":{"line":28,"column":2}},"line":5}},"f":{"0":3}}
,"C:\\Users\\DELL\\Desktop\\subka bazar redux - test case coverage\\subkabazar\\src\\component\\CategoryList\\CategoriesList.jsx": {"path":"C:\\Users\\DELL\\Desktop\\subka bazar redux - test case coverage\\subkabazar\\src\\component\\CategoryList\\CategoriesList.jsx","all":false,"statementMap":{"0":{"start":{"line":1,"column":0},"end":{"line":1,"column":51}},"1":{"start":{"line":2,"column":0},"end":{"line":2,"column":55}},"2":{"start":{"line":3,"column":0},"end":{"line":3,"column":97}},"3":{"start":{"line":4,"column":0},"end":{"line":4,"column":30}},"4":{"start":{"line":5,"column":0},"end":{"line":5,"column":40}},"5":{"start":{"line":6,"column":0},"end":{"line":6,"column":0}},"6":{"start":{"line":7,"column":0},"end":{"line":7,"column":28}},"7":{"start":{"line":8,"column":0},"end":{"line":8,"column":33}},"8":{"start":{"line":9,"column":0},"end":{"line":9,"column":105}},"9":{"start":{"line":10,"column":0},"end":{"line":10,"column":0}},"10":{"start":{"line":11,"column":0},"end":{"line":11,"column":19}},"11":{"start":{"line":12,"column":0},"end":{"line":12,"column":74}},"12":{"start":{"line":13,"column":0},"end":{"line":13,"column":17}},"13":{"start":{"line":14,"column":0},"end":{"line":14,"column":0}},"14":{"start":{"line":15,"column":0},"end":{"line":15,"column":54}},"15":{"start":{"line":16,"column":0},"end":{"line":16,"column":0}},"16":{"start":{"line":17,"column":0},"end":{"line":17,"column":10}},"17":{"start":{"line":18,"column":0},"end":{"line":18,"column":36}},"18":{"start":{"line":19,"column":0},"end":{"line":19,"column":27}},"19":{"start":{"line":20,"column":0},"end":{"line":20,"column":46}},"20":{"start":{"line":21,"column":0},"end":{"line":21,"column":60}},"21":{"start":{"line":22,"column":0},"end":{"line":22,"column":16}},"22":{"start":{"line":23,"column":0},"end":{"line":23,"column":65}},"23":{"start":{"line":24,"column":0},"end":{"line":24,"column":57}},"24":{"start":{"line":25,"column":0},"end":{"line":25,"column":17}},"25":{"start":{"line":26,"column":0},"end":{"line":26,"column":13}},"26":{"start":{"line":27,"column":0},"end":{"line":27,"column":52}},"27":{"start":{"line":28,"column":0},"end":{"line":28,"column":20}},"28":{"start":{"line":29,"column":0},"end":{"line":29,"column":41}},"29":{"start":{"line":30,"column":0},"end":{"line":30,"column":37}},"30":{"start":{"line":31,"column":0},"end":{"line":31,"column":54}},"31":{"start":{"line":32,"column":0},"end":{"line":32,"column":18}},"32":{"start":{"line":33,"column":0},"end":{"line":33,"column":20}},"33":{"start":{"line":34,"column":0},"end":{"line":34,"column":0}},"34":{"start":{"line":35,"column":0},"end":{"line":35,"column":29}},"35":{"start":{"line":36,"column":0},"end":{"line":36,"column":40}},"36":{"start":{"line":37,"column":0},"end":{"line":37,"column":76}},"37":{"start":{"line":38,"column":0},"end":{"line":38,"column":42}},"38":{"start":{"line":39,"column":0},"end":{"line":39,"column":47}},"39":{"start":{"line":40,"column":0},"end":{"line":40,"column":56}},"40":{"start":{"line":41,"column":0},"end":{"line":41,"column":27}},"41":{"start":{"line":42,"column":0},"end":{"line":42,"column":64}},"42":{"start":{"line":43,"column":0},"end":{"line":43,"column":49}},"43":{"start":{"line":44,"column":0},"end":{"line":44,"column":21}},"44":{"start":{"line":45,"column":0},"end":{"line":45,"column":44}},"45":{"start":{"line":46,"column":0},"end":{"line":46,"column":29}},"46":{"start":{"line":47,"column":0},"end":{"line":47,"column":25}},"47":{"start":{"line":48,"column":0},"end":{"line":48,"column":22}},"48":{"start":{"line":49,"column":0},"end":{"line":49,"column":20}},"49":{"start":{"line":50,"column":0},"end":{"line":50,"column":18}},"50":{"start":{"line":51,"column":0},"end":{"line":51,"column":16}},"51":{"start":{"line":52,"column":0},"end":{"line":52,"column":11}},"52":{"start":{"line":53,"column":0},"end":{"line":53,"column":12}},"53":{"start":{"line":54,"column":0},"end":{"line":54,"column":10}},"54":{"start":{"line":55,"column":0},"end":{"line":55,"column":4}},"55":{"start":{"line":56,"column":0},"end":{"line":56,"column":2}},"56":{"start":{"line":57,"column":0},"end":{"line":57,"column":0}},"57":{"start":{"line":58,"column":0},"end":{"line":58,"column":28}}},"s":{"0":1,"1":1,"2":1,"3":1,"4":1,"5":1,"6":1,"7":4,"8":4,"9":4,"10":4,"11":3,"12":4,"13":4,"14":4,"15":4,"16":4,"17":4,"18":4,"19":4,"20":4,"21":4,"22":4,"23":4,"24":4,"25":4,"26":4,"27":4,"28":4,"29":4,"30":4,"31":4,"32":4,"33":4,"34":4,"35":4,"36":4,"37":4,"38":4,"39":4,"40":4,"41":4,"42":4,"43":4,"44":4,"45":4,"46":4,"47":4,"48":4,"49":4,"50":4,"51":4,"52":4,"53":4,"54":4,"55":4,"56":1,"57":1},"branchMap":{"0":{"type":"branch","line":7,"loc":{"start":{"line":7,"column":21},"end":{"line":56,"column":2}},"locations":[{"start":{"line":7,"column":21},"end":{"line":56,"column":2}}]},"1":{"type":"branch","line":9,"loc":{"start":{"line":9,"column":33},"end":{"line":9,"column":66}},"locations":[{"start":{"line":9,"column":33},"end":{"line":9,"column":66}}]},"2":{"type":"branch","line":11,"loc":{"start":{"line":11,"column":12},"end":{"line":13,"column":5}},"locations":[{"start":{"line":11,"column":12},"end":{"line":13,"column":5}}]},"3":{"type":"branch","line":20,"loc":{"start":{"line":20,"column":24},"end":{"line":51,"column":16}},"locations":[{"start":{"line":20,"column":24},"end":{"line":51,"column":16}}]},"4":{"type":"branch","line":24,"loc":{"start":{"line":24,"column":30},"end":{"line":24,"column":55}},"locations":[{"start":{"line":24,"column":30},"end":{"line":24,"column":55}}]},"5":{"type":"branch","line":24,"loc":{"start":{"line":24,"column":34},"end":{"line":24,"column":57}},"locations":[{"start":{"line":24,"column":34},"end":{"line":24,"column":57}}]},"6":{"type":"branch","line":42,"loc":{"start":{"line":42,"column":31},"end":{"line":42,"column":64}},"locations":[{"start":{"line":42,"column":31},"end":{"line":42,"column":64}}]}},"b":{"0":[4],"1":[7],"2":[3],"3":[4],"4":[3],"5":[1],"6":[1]},"fnMap":{"0":{"name":"CategoryList","decl":{"start":{"line":7,"column":21},"end":{"line":56,"column":2}},"loc":{"start":{"line":7,"column":21},"end":{"line":56,"column":2}},"line":7},"1":{"name":"onClick","decl":{"start":{"line":42,"column":31},"end":{"line":42,"column":64}},"loc":{"start":{"line":42,"column":31},"end":{"line":42,"column":64}},"line":42}},"f":{"0":4,"1":1}}
,"C:\\Users\\DELL\\Desktop\\subka bazar redux - test case coverage\\subkabazar\\src\\component\\Login\\Login.jsx": {"path":"C:\\Users\\DELL\\Desktop\\subka bazar redux - test case coverage\\subkabazar\\src\\component\\Login\\Login.jsx","all":false,"statementMap":{"0":{"start":{"line":1,"column":0},"end":{"line":1,"column":40}},"1":{"start":{"line":2,"column":0},"end":{"line":2,"column":42}},"2":{"start":{"line":3,"column":0},"end":{"line":3,"column":49}},"3":{"start":{"line":4,"column":0},"end":{"line":4,"column":69}},"4":{"start":{"line":5,"column":0},"end":{"line":5,"column":55}},"5":{"start":{"line":6,"column":0},"end":{"line":6,"column":0}},"6":{"start":{"line":7,"column":0},"end":{"line":7,"column":21}},"7":{"start":{"line":8,"column":0},"end":{"line":8,"column":41}},"8":{"start":{"line":9,"column":0},"end":{"line":9,"column":47}},"9":{"start":{"line":10,"column":0},"end":{"line":10,"column":33}},"10":{"start":{"line":11,"column":0},"end":{"line":11,"column":58}},"11":{"start":{"line":12,"column":0},"end":{"line":12,"column":0}},"12":{"start":{"line":13,"column":0},"end":{"line":13,"column":31}},"13":{"start":{"line":14,"column":0},"end":{"line":14,"column":23}},"14":{"start":{"line":15,"column":0},"end":{"line":15,"column":0}},"15":{"start":{"line":16,"column":0},"end":{"line":16,"column":61}},"16":{"start":{"line":17,"column":0},"end":{"line":17,"column":0}},"17":{"start":{"line":18,"column":0},"end":{"line":18,"column":21}},"18":{"start":{"line":19,"column":0},"end":{"line":19,"column":55}},"19":{"start":{"line":20,"column":0},"end":{"line":20,"column":13}},"20":{"start":{"line":21,"column":0},"end":{"line":21,"column":5}},"21":{"start":{"line":22,"column":0},"end":{"line":22,"column":0}},"22":{"start":{"line":23,"column":0},"end":{"line":23,"column":45}},"23":{"start":{"line":24,"column":0},"end":{"line":24,"column":0}},"24":{"start":{"line":25,"column":0},"end":{"line":25,"column":73}},"25":{"start":{"line":26,"column":0},"end":{"line":26,"column":33}},"26":{"start":{"line":27,"column":0},"end":{"line":27,"column":0}},"27":{"start":{"line":28,"column":0},"end":{"line":28,"column":51}},"28":{"start":{"line":29,"column":0},"end":{"line":29,"column":33}},"29":{"start":{"line":30,"column":0},"end":{"line":30,"column":0}},"30":{"start":{"line":31,"column":0},"end":{"line":31,"column":20}},"31":{"start":{"line":32,"column":0},"end":{"line":32,"column":12}},"32":{"start":{"line":33,"column":0},"end":{"line":33,"column":54}},"33":{"start":{"line":34,"column":0},"end":{"line":34,"column":5}},"34":{"start":{"line":35,"column":0},"end":{"line":35,"column":0}},"35":{"start":{"line":36,"column":0},"end":{"line":36,"column":17}},"36":{"start":{"line":37,"column":0},"end":{"line":37,"column":20}},"37":{"start":{"line":38,"column":0},"end":{"line":38,"column":4}},"38":{"start":{"line":39,"column":0},"end":{"line":39,"column":0}},"39":{"start":{"line":40,"column":0},"end":{"line":40,"column":10}},"40":{"start":{"line":41,"column":0},"end":{"line":41,"column":87}},"41":{"start":{"line":42,"column":0},"end":{"line":42,"column":32}},"42":{"start":{"line":43,"column":0},"end":{"line":43,"column":28}},"43":{"start":{"line":44,"column":0},"end":{"line":44,"column":76}},"44":{"start":{"line":45,"column":0},"end":{"line":45,"column":44}},"45":{"start":{"line":46,"column":0},"end":{"line":46,"column":36}},"46":{"start":{"line":47,"column":0},"end":{"line":47,"column":68}},"47":{"start":{"line":48,"column":0},"end":{"line":48,"column":14}},"48":{"start":{"line":49,"column":0},"end":{"line":49,"column":14}},"49":{"start":{"line":50,"column":0},"end":{"line":50,"column":0}},"50":{"start":{"line":51,"column":0},"end":{"line":51,"column":29}},"51":{"start":{"line":52,"column":0},"end":{"line":52,"column":34}},"52":{"start":{"line":53,"column":0},"end":{"line":53,"column":71}},"53":{"start":{"line":54,"column":0},"end":{"line":54,"column":34}},"54":{"start":{"line":55,"column":0},"end":{"line":55,"column":60}},"55":{"start":{"line":56,"column":0},"end":{"line":56,"column":21}},"56":{"start":{"line":57,"column":0},"end":{"line":57,"column":22}},"57":{"start":{"line":58,"column":0},"end":{"line":58,"column":20}},"58":{"start":{"line":59,"column":0},"end":{"line":59,"column":28}},"59":{"start":{"line":60,"column":0},"end":{"line":60,"column":40}},"60":{"start":{"line":61,"column":0},"end":{"line":61,"column":26}},"61":{"start":{"line":62,"column":0},"end":{"line":62,"column":29}},"62":{"start":{"line":63,"column":0},"end":{"line":63,"column":58}},"63":{"start":{"line":64,"column":0},"end":{"line":64,"column":24}},"64":{"start":{"line":65,"column":0},"end":{"line":65,"column":16}},"65":{"start":{"line":66,"column":0},"end":{"line":66,"column":18}},"66":{"start":{"line":67,"column":0},"end":{"line":67,"column":34}},"67":{"start":{"line":68,"column":0},"end":{"line":68,"column":63}},"68":{"start":{"line":69,"column":0},"end":{"line":69,"column":24}},"69":{"start":{"line":70,"column":0},"end":{"line":70,"column":22}},"70":{"start":{"line":71,"column":0},"end":{"line":71,"column":20}},"71":{"start":{"line":72,"column":0},"end":{"line":72,"column":31}},"72":{"start":{"line":73,"column":0},"end":{"line":73,"column":40}},"73":{"start":{"line":74,"column":0},"end":{"line":74,"column":29}},"74":{"start":{"line":75,"column":0},"end":{"line":75,"column":32}},"75":{"start":{"line":76,"column":0},"end":{"line":76,"column":61}},"76":{"start":{"line":77,"column":0},"end":{"line":77,"column":24}},"77":{"start":{"line":78,"column":0},"end":{"line":78,"column":16}},"78":{"start":{"line":79,"column":0},"end":{"line":79,"column":18}},"79":{"start":{"line":80,"column":0},"end":{"line":80,"column":67}},"80":{"start":{"line":81,"column":0},"end":{"line":81,"column":19}},"81":{"start":{"line":82,"column":0},"end":{"line":82,"column":21}},"82":{"start":{"line":83,"column":0},"end":{"line":83,"column":17}},"83":{"start":{"line":84,"column":0},"end":{"line":84,"column":14}},"84":{"start":{"line":85,"column":0},"end":{"line":85,"column":12}},"85":{"start":{"line":86,"column":0},"end":{"line":86,"column":10}},"86":{"start":{"line":87,"column":0},"end":{"line":87,"column":4}},"87":{"start":{"line":88,"column":0},"end":{"line":88,"column":2}},"88":{"start":{"line":89,"column":0},"end":{"line":89,"column":0}},"89":{"start":{"line":90,"column":0},"end":{"line":90,"column":21}}},"s":{"0":1,"1":1,"2":1,"3":1,"4":1,"5":1,"6":1,"7":15,"8":15,"9":15,"10":15,"11":15,"12":15,"13":3,"14":3,"15":3,"16":3,"17":3,"18":1,"19":1,"20":1,"21":2,"22":2,"23":2,"24":3,"25":1,"26":1,"27":1,"28":1,"29":1,"30":1,"31":1,"32":1,"33":1,"34":2,"35":2,"36":2,"37":3,"38":15,"39":15,"40":15,"41":15,"42":15,"43":15,"44":15,"45":15,"46":15,"47":15,"48":15,"49":15,"50":15,"51":15,"52":15,"53":15,"54":15,"55":15,"56":15,"57":15,"58":15,"59":15,"60":15,"61":15,"62":15,"63":15,"64":15,"65":15,"66":15,"67":15,"68":15,"69":15,"70":15,"71":15,"72":15,"73":15,"74":15,"75":15,"76":15,"77":15,"78":15,"79":15,"80":15,"81":15,"82":15,"83":15,"84":15,"85":15,"86":15,"87":15,"88":1,"89":1},"branchMap":{"0":{"type":"branch","line":7,"loc":{"start":{"line":7,"column":14},"end":{"line":88,"column":2}},"locations":[{"start":{"line":7,"column":14},"end":{"line":88,"column":2}}]},"1":{"type":"branch","line":13,"loc":{"start":{"line":13,"column":23},"end":{"line":38,"column":4}},"locations":[{"start":{"line":13,"column":23},"end":{"line":38,"column":4}}]},"2":{"type":"branch","line":18,"loc":{"start":{"line":18,"column":20},"end":{"line":21,"column":5}},"locations":[{"start":{"line":18,"column":20},"end":{"line":21,"column":5}}]},"3":{"type":"branch","line":21,"loc":{"start":{"line":21,"column":4},"end":{"line":25,"column":38}},"locations":[{"start":{"line":21,"column":4},"end":{"line":25,"column":38}}]},"4":{"type":"branch","line":25,"loc":{"start":{"line":25,"column":29},"end":{"line":25,"column":72}},"locations":[{"start":{"line":25,"column":29},"end":{"line":25,"column":72}}]},"5":{"type":"branch","line":25,"loc":{"start":{"line":25,"column":72},"end":{"line":34,"column":5}},"locations":[{"start":{"line":25,"column":72},"end":{"line":34,"column":5}}]},"6":{"type":"branch","line":34,"loc":{"start":{"line":34,"column":4},"end":{"line":37,"column":20}},"locations":[{"start":{"line":34,"column":4},"end":{"line":37,"column":20}}]},"7":{"type":"branch","line":63,"loc":{"start":{"line":63,"column":26},"end":{"line":63,"column":58}},"locations":[{"start":{"line":63,"column":26},"end":{"line":63,"column":58}}]},"8":{"type":"branch","line":76,"loc":{"start":{"line":76,"column":26},"end":{"line":76,"column":61}},"locations":[{"start":{"line":76,"column":26},"end":{"line":76,"column":61}}]}},"b":{"0":[15],"1":[3],"2":[1],"3":[2],"4":[1],"5":[1],"6":[2],"7":[4],"8":[4]},"fnMap":{"0":{"name":"Login","decl":{"start":{"line":7,"column":14},"end":{"line":88,"column":2}},"loc":{"start":{"line":7,"column":14},"end":{"line":88,"column":2}},"line":7},"1":{"name":"handleSubmit","decl":{"start":{"line":13,"column":23},"end":{"line":38,"column":4}},"loc":{"start":{"line":13,"column":23},"end":{"line":38,"column":4}},"line":13},"2":{"name":"onChange","decl":{"start":{"line":63,"column":26},"end":{"line":63,"column":58}},"loc":{"start":{"line":63,"column":26},"end":{"line":63,"column":58}},"line":63},"3":{"name":"onChange","decl":{"start":{"line":76,"column":26},"end":{"line":76,"column":61}},"loc":{"start":{"line":76,"column":26},"end":{"line":76,"column":61}},"line":76}},"f":{"0":15,"1":3,"2":4,"3":4}}
,"C:\\Users\\DELL\\Desktop\\subka bazar redux - test case coverage\\subkabazar\\src\\component\\navbar\\Navbar.jsx": {"path":"C:\\Users\\DELL\\Desktop\\subka bazar redux - test case coverage\\subkabazar\\src\\component\\navbar\\Navbar.jsx","all":false,"statementMap":{"0":{"start":{"line":1,"column":0},"end":{"line":1,"column":40}},"1":{"start":{"line":2,"column":0},"end":{"line":2,"column":53}},"2":{"start":{"line":3,"column":0},"end":{"line":3,"column":55}},"3":{"start":{"line":4,"column":0},"end":{"line":4,"column":66}},"4":{"start":{"line":5,"column":0},"end":{"line":5,"column":45}},"5":{"start":{"line":6,"column":0},"end":{"line":6,"column":22}},"6":{"start":{"line":7,"column":0},"end":{"line":7,"column":0}},"7":{"start":{"line":8,"column":0},"end":{"line":8,"column":22}},"8":{"start":{"line":9,"column":0},"end":{"line":9,"column":66}},"9":{"start":{"line":10,"column":0},"end":{"line":10,"column":56}},"10":{"start":{"line":11,"column":0},"end":{"line":11,"column":56}},"11":{"start":{"line":12,"column":0},"end":{"line":12,"column":33}},"12":{"start":{"line":13,"column":0},"end":{"line":13,"column":33}},"13":{"start":{"line":14,"column":0},"end":{"line":14,"column":0}},"14":{"start":{"line":15,"column":0},"end":{"line":15,"column":30}},"15":{"start":{"line":16,"column":0},"end":{"line":16,"column":27}},"16":{"start":{"line":17,"column":0},"end":{"line":17,"column":4}},"17":{"start":{"line":18,"column":0},"end":{"line":18,"column":0}},"18":{"start":{"line":19,"column":0},"end":{"line":19,"column":10}},"19":{"start":{"line":20,"column":0},"end":{"line":20,"column":43}},"20":{"start":{"line":21,"column":0},"end":{"line":21,"column":83}},"21":{"start":{"line":22,"column":0},"end":{"line":22,"column":20}},"22":{"start":{"line":23,"column":0},"end":{"line":23,"column":30}},"23":{"start":{"line":24,"column":0},"end":{"line":24,"column":51}},"24":{"start":{"line":25,"column":0},"end":{"line":25,"column":14}},"25":{"start":{"line":26,"column":0},"end":{"line":26,"column":0}},"26":{"start":{"line":27,"column":0},"end":{"line":27,"column":50}},"27":{"start":{"line":28,"column":0},"end":{"line":28,"column":12}},"28":{"start":{"line":29,"column":0},"end":{"line":29,"column":58}},"29":{"start":{"line":30,"column":0},"end":{"line":30,"column":41}},"30":{"start":{"line":31,"column":0},"end":{"line":31,"column":64}},"31":{"start":{"line":32,"column":0},"end":{"line":32,"column":9}},"32":{"start":{"line":33,"column":0},"end":{"line":33,"column":71}},"33":{"start":{"line":34,"column":0},"end":{"line":34,"column":14}},"34":{"start":{"line":35,"column":0},"end":{"line":35,"column":0}},"35":{"start":{"line":36,"column":0},"end":{"line":36,"column":35}},"36":{"start":{"line":37,"column":0},"end":{"line":37,"column":57}},"37":{"start":{"line":38,"column":0},"end":{"line":38,"column":34}},"38":{"start":{"line":39,"column":0},"end":{"line":39,"column":79}},"39":{"start":{"line":40,"column":0},"end":{"line":40,"column":20}},"40":{"start":{"line":41,"column":0},"end":{"line":41,"column":17}},"41":{"start":{"line":42,"column":0},"end":{"line":42,"column":14}},"42":{"start":{"line":43,"column":0},"end":{"line":43,"column":12}},"43":{"start":{"line":44,"column":0},"end":{"line":44,"column":0}},"44":{"start":{"line":45,"column":0},"end":{"line":45,"column":63}},"45":{"start":{"line":46,"column":0},"end":{"line":46,"column":28}},"46":{"start":{"line":47,"column":0},"end":{"line":47,"column":73}},"47":{"start":{"line":48,"column":0},"end":{"line":48,"column":66}},"48":{"start":{"line":49,"column":0},"end":{"line":49,"column":16}},"49":{"start":{"line":50,"column":0},"end":{"line":50,"column":17}},"50":{"start":{"line":51,"column":0},"end":{"line":51,"column":15}},"51":{"start":{"line":52,"column":0},"end":{"line":52,"column":28}},"52":{"start":{"line":53,"column":0},"end":{"line":53,"column":46}},"53":{"start":{"line":54,"column":0},"end":{"line":54,"column":41}},"54":{"start":{"line":55,"column":0},"end":{"line":55,"column":14}},"55":{"start":{"line":56,"column":0},"end":{"line":56,"column":26}},"56":{"start":{"line":57,"column":0},"end":{"line":57,"column":11}},"57":{"start":{"line":58,"column":0},"end":{"line":58,"column":20}},"58":{"start":{"line":59,"column":0},"end":{"line":59,"column":17}},"59":{"start":{"line":60,"column":0},"end":{"line":60,"column":14}},"60":{"start":{"line":61,"column":0},"end":{"line":61,"column":8}},"61":{"start":{"line":62,"column":0},"end":{"line":62,"column":0}},"62":{"start":{"line":63,"column":0},"end":{"line":63,"column":26}},"63":{"start":{"line":64,"column":0},"end":{"line":64,"column":52}},"64":{"start":{"line":65,"column":0},"end":{"line":65,"column":39}},"65":{"start":{"line":66,"column":0},"end":{"line":66,"column":30}},"66":{"start":{"line":67,"column":0},"end":{"line":67,"column":68}},"67":{"start":{"line":68,"column":0},"end":{"line":68,"column":18}},"68":{"start":{"line":69,"column":0},"end":{"line":69,"column":134}},"69":{"start":{"line":70,"column":0},"end":{"line":70,"column":75}},"70":{"start":{"line":71,"column":0},"end":{"line":71,"column":15}},"71":{"start":{"line":72,"column":0},"end":{"line":72,"column":56}},"72":{"start":{"line":73,"column":0},"end":{"line":73,"column":20}},"73":{"start":{"line":74,"column":0},"end":{"line":74,"column":21}},"74":{"start":{"line":75,"column":0},"end":{"line":75,"column":38}},"75":{"start":{"line":76,"column":0},"end":{"line":76,"column":54}},"76":{"start":{"line":77,"column":0},"end":{"line":77,"column":15}},"77":{"start":{"line":78,"column":0},"end":{"line":78,"column":22}},"78":{"start":{"line":79,"column":0},"end":{"line":79,"column":23}},"79":{"start":{"line":80,"column":0},"end":{"line":80,"column":18}},"80":{"start":{"line":81,"column":0},"end":{"line":81,"column":15}},"81":{"start":{"line":82,"column":0},"end":{"line":82,"column":14}},"82":{"start":{"line":83,"column":0},"end":{"line":83,"column":46}},"83":{"start":{"line":84,"column":0},"end":{"line":84,"column":44}},"84":{"start":{"line":85,"column":0},"end":{"line":85,"column":15}},"85":{"start":{"line":86,"column":0},"end":{"line":86,"column":12}},"86":{"start":{"line":87,"column":0},"end":{"line":87,"column":14}},"87":{"start":{"line":88,"column":0},"end":{"line":88,"column":0}},"88":{"start":{"line":89,"column":0},"end":{"line":89,"column":25}},"89":{"start":{"line":90,"column":0},"end":{"line":90,"column":79}},"90":{"start":{"line":91,"column":0},"end":{"line":91,"column":17}},"91":{"start":{"line":92,"column":0},"end":{"line":92,"column":45}},"92":{"start":{"line":93,"column":0},"end":{"line":93,"column":79}},"93":{"start":{"line":94,"column":0},"end":{"line":94,"column":11}},"94":{"start":{"line":95,"column":0},"end":{"line":95,"column":45}},"95":{"start":{"line":96,"column":0},"end":{"line":96,"column":33}},"96":{"start":{"line":97,"column":0},"end":{"line":97,"column":135}},"97":{"start":{"line":98,"column":0},"end":{"line":98,"column":29}},"98":{"start":{"line":99,"column":0},"end":{"line":99,"column":21}},"99":{"start":{"line":100,"column":0},"end":{"line":100,"column":14}},"100":{"start":{"line":101,"column":0},"end":{"line":101,"column":19}},"101":{"start":{"line":102,"column":0},"end":{"line":102,"column":0}},"102":{"start":{"line":103,"column":0},"end":{"line":103,"column":65}},"103":{"start":{"line":104,"column":0},"end":{"line":104,"column":17}},"104":{"start":{"line":105,"column":0},"end":{"line":105,"column":46}},"105":{"start":{"line":106,"column":0},"end":{"line":106,"column":67}},"106":{"start":{"line":107,"column":0},"end":{"line":107,"column":13}},"107":{"start":{"line":108,"column":0},"end":{"line":108,"column":25}},"108":{"start":{"line":109,"column":0},"end":{"line":109,"column":19}},"109":{"start":{"line":110,"column":0},"end":{"line":110,"column":16}},"110":{"start":{"line":111,"column":0},"end":{"line":111,"column":14}},"111":{"start":{"line":112,"column":0},"end":{"line":112,"column":12}},"112":{"start":{"line":113,"column":0},"end":{"line":113,"column":10}},"113":{"start":{"line":114,"column":0},"end":{"line":114,"column":4}},"114":{"start":{"line":115,"column":0},"end":{"line":115,"column":2}},"115":{"start":{"line":116,"column":0},"end":{"line":116,"column":0}},"116":{"start":{"line":117,"column":0},"end":{"line":117,"column":22}}},"s":{"0":1,"1":1,"2":1,"3":1,"4":1,"5":1,"6":1,"7":1,"8":9,"9":9,"10":9,"11":9,"12":9,"13":9,"14":9,"15":1,"16":1,"17":9,"18":9,"19":9,"20":9,"21":9,"22":9,"23":9,"24":9,"25":9,"26":9,"27":9,"28":9,"29":9,"30":9,"31":9,"32":9,"33":9,"34":9,"35":9,"36":9,"37":9,"38":9,"39":9,"40":9,"41":9,"42":9,"43":9,"44":9,"45":9,"46":1,"47":1,"48":1,"49":1,"50":1,"51":1,"52":0,"53":0,"54":0,"55":1,"56":1,"57":1,"58":1,"59":1,"60":9,"61":9,"62":9,"63":9,"64":9,"65":9,"66":8,"67":8,"68":8,"69":8,"70":8,"71":8,"72":8,"73":8,"74":8,"75":8,"76":8,"77":8,"78":8,"79":8,"80":1,"81":1,"82":1,"83":1,"84":1,"85":9,"86":9,"87":9,"88":9,"89":9,"90":9,"91":9,"92":9,"93":9,"94":9,"95":9,"96":8,"97":8,"98":8,"99":9,"100":9,"101":9,"102":9,"103":9,"104":9,"105":9,"106":9,"107":9,"108":9,"109":9,"110":9,"111":9,"112":9,"113":9,"114":9,"115":1,"116":1},"branchMap":{"0":{"type":"branch","line":8,"loc":{"start":{"line":8,"column":15},"end":{"line":115,"column":2}},"locations":[{"start":{"line":8,"column":15},"end":{"line":115,"column":2}}]},"1":{"type":"branch","line":33,"loc":{"start":{"line":33,"column":11},"end":{"line":33,"column":50}},"locations":[{"start":{"line":33,"column":11},"end":{"line":33,"column":50}}]},"2":{"type":"branch","line":33,"loc":{"start":{"line":33,"column":45},"end":{"line":33,"column":71}},"locations":[{"start":{"line":33,"column":45},"end":{"line":33,"column":71}}]},"3":{"type":"branch","line":46,"loc":{"start":{"line":46,"column":7},"end":{"line":60,"column":14}},"locations":[{"start":{"line":46,"column":7},"end":{"line":60,"column":14}}]},"4":{"type":"branch","line":66,"loc":{"start":{"line":66,"column":16},"end":{"line":80,"column":18}},"locations":[{"start":{"line":66,"column":16},"end":{"line":80,"column":18}}]},"5":{"type":"branch","line":80,"loc":{"start":{"line":80,"column":12},"end":{"line":85,"column":15}},"locations":[{"start":{"line":80,"column":12},"end":{"line":85,"column":15}}]},"6":{"type":"branch","line":96,"loc":{"start":{"line":96,"column":27},"end":{"line":99,"column":21}},"locations":[{"start":{"line":96,"column":27},"end":{"line":99,"column":21}}]},"7":{"type":"branch","line":10,"loc":{"start":{"line":10,"column":27},"end":{"line":10,"column":54}},"locations":[{"start":{"line":10,"column":27},"end":{"line":10,"column":54}}]},"8":{"type":"branch","line":11,"loc":{"start":{"line":11,"column":27},"end":{"line":11,"column":54}},"locations":[{"start":{"line":11,"column":27},"end":{"line":11,"column":54}}]},"9":{"type":"branch","line":15,"loc":{"start":{"line":15,"column":23},"end":{"line":17,"column":4}},"locations":[{"start":{"line":15,"column":23},"end":{"line":17,"column":4}}]},"10":{"type":"branch","line":31,"loc":{"start":{"line":31,"column":19},"end":{"line":31,"column":64}},"locations":[{"start":{"line":31,"column":19},"end":{"line":31,"column":64}}]},"11":{"type":"branch","line":39,"loc":{"start":{"line":39,"column":25},"end":{"line":39,"column":64}},"locations":[{"start":{"line":39,"column":25},"end":{"line":39,"column":64}}]},"12":{"type":"branch","line":92,"loc":{"start":{"line":92,"column":21},"end":{"line":92,"column":45}},"locations":[{"start":{"line":92,"column":21},"end":{"line":92,"column":45}}]}},"b":{"0":[9],"1":[1],"2":[8],"3":[1],"4":[8],"5":[1],"6":[8],"7":[17],"8":[17],"9":[1],"10":[1],"11":[1],"12":[1]},"fnMap":{"0":{"name":"Navbar","decl":{"start":{"line":8,"column":15},"end":{"line":115,"column":2}},"loc":{"start":{"line":8,"column":15},"end":{"line":115,"column":2}},"line":8},"1":{"name":"handleLogout","decl":{"start":{"line":15,"column":23},"end":{"line":17,"column":4}},"loc":{"start":{"line":15,"column":23},"end":{"line":17,"column":4}},"line":15},"2":{"name":"onClick","decl":{"start":{"line":31,"column":19},"end":{"line":31,"column":64}},"loc":{"start":{"line":31,"column":19},"end":{"line":31,"column":64}},"line":31},"3":{"name":"onClick","decl":{"start":{"line":39,"column":25},"end":{"line":39,"column":64}},"loc":{"start":{"line":39,"column":25},"end":{"line":39,"column":64}},"line":39},"4":{"name":"onClick","decl":{"start":{"line":48,"column":32},"end":{"line":48,"column":66}},"loc":{"start":{"line":48,"column":32},"end":{"line":48,"column":66}},"line":48},"5":{"name":"onClick","decl":{"start":{"line":52,"column":21},"end":{"line":55,"column":14}},"loc":{"start":{"line":52,"column":21},"end":{"line":55,"column":14}},"line":52},"6":{"name":"onClick","decl":{"start":{"line":92,"column":21},"end":{"line":92,"column":45}},"loc":{"start":{"line":92,"column":21},"end":{"line":92,"column":45}},"line":92}},"f":{"0":9,"1":1,"2":1,"3":1,"4":0,"5":0,"6":1}}
,"C:\\Users\\DELL\\Desktop\\subka bazar redux - test case coverage\\subkabazar\\src\\pages\\Cart\\Cart.jsx": {"path":"C:\\Users\\DELL\\Desktop\\subka bazar redux - test case coverage\\subkabazar\\src\\pages\\Cart\\Cart.jsx","all":false,"statementMap":{"0":{"start":{"line":1,"column":0},"end":{"line":1,"column":26}},"1":{"start":{"line":2,"column":0},"end":{"line":2,"column":55}},"2":{"start":{"line":3,"column":0},"end":{"line":3,"column":76}},"3":{"start":{"line":4,"column":0},"end":{"line":4,"column":41}},"4":{"start":{"line":5,"column":0},"end":{"line":5,"column":47}},"5":{"start":{"line":6,"column":0},"end":{"line":6,"column":46}},"6":{"start":{"line":7,"column":0},"end":{"line":7,"column":0}},"7":{"start":{"line":8,"column":0},"end":{"line":8,"column":20}},"8":{"start":{"line":9,"column":0},"end":{"line":9,"column":56}},"9":{"start":{"line":10,"column":0},"end":{"line":10,"column":56}},"10":{"start":{"line":11,"column":0},"end":{"line":11,"column":33}},"11":{"start":{"line":12,"column":0},"end":{"line":12,"column":33}},"12":{"start":{"line":13,"column":0},"end":{"line":13,"column":0}},"13":{"start":{"line":14,"column":0},"end":{"line":14,"column":22}},"14":{"start":{"line":15,"column":0},"end":{"line":15,"column":41}},"15":{"start":{"line":16,"column":0},"end":{"line":16,"column":33}},"16":{"start":{"line":17,"column":0},"end":{"line":17,"column":4}},"17":{"start":{"line":18,"column":0},"end":{"line":18,"column":0}},"18":{"start":{"line":19,"column":0},"end":{"line":19,"column":54}},"19":{"start":{"line":20,"column":0},"end":{"line":20,"column":43}},"20":{"start":{"line":21,"column":0},"end":{"line":21,"column":40}},"21":{"start":{"line":22,"column":0},"end":{"line":22,"column":4}},"22":{"start":{"line":23,"column":0},"end":{"line":23,"column":0}},"23":{"start":{"line":24,"column":0},"end":{"line":24,"column":27}},"24":{"start":{"line":25,"column":0},"end":{"line":25,"column":32}},"25":{"start":{"line":26,"column":0},"end":{"line":26,"column":27}},"26":{"start":{"line":27,"column":0},"end":{"line":27,"column":61}},"27":{"start":{"line":28,"column":0},"end":{"line":28,"column":25}},"28":{"start":{"line":29,"column":0},"end":{"line":29,"column":13}},"29":{"start":{"line":30,"column":0},"end":{"line":30,"column":5}},"30":{"start":{"line":31,"column":0},"end":{"line":31,"column":0}},"31":{"start":{"line":32,"column":0},"end":{"line":32,"column":34}},"32":{"start":{"line":33,"column":0},"end":{"line":33,"column":0}},"33":{"start":{"line":34,"column":0},"end":{"line":34,"column":22}},"34":{"start":{"line":35,"column":0},"end":{"line":35,"column":33}},"35":{"start":{"line":36,"column":0},"end":{"line":36,"column":37}},"36":{"start":{"line":37,"column":0},"end":{"line":37,"column":30}},"37":{"start":{"line":38,"column":0},"end":{"line":38,"column":60}},"38":{"start":{"line":39,"column":0},"end":{"line":39,"column":9}},"39":{"start":{"line":40,"column":0},"end":{"line":40,"column":8}},"40":{"start":{"line":41,"column":0},"end":{"line":41,"column":27}},"41":{"start":{"line":42,"column":0},"end":{"line":42,"column":18}},"42":{"start":{"line":43,"column":0},"end":{"line":43,"column":29}},"43":{"start":{"line":44,"column":0},"end":{"line":44,"column":6}},"44":{"start":{"line":45,"column":0},"end":{"line":45,"column":0}},"45":{"start":{"line":46,"column":0},"end":{"line":46,"column":49}},"46":{"start":{"line":47,"column":0},"end":{"line":47,"column":24}},"47":{"start":{"line":48,"column":0},"end":{"line":48,"column":73}},"48":{"start":{"line":49,"column":0},"end":{"line":49,"column":0}},"49":{"start":{"line":50,"column":0},"end":{"line":50,"column":46}},"50":{"start":{"line":51,"column":0},"end":{"line":51,"column":25}},"51":{"start":{"line":52,"column":0},"end":{"line":52,"column":33}},"52":{"start":{"line":53,"column":0},"end":{"line":53,"column":49}},"53":{"start":{"line":54,"column":0},"end":{"line":54,"column":6}},"54":{"start":{"line":55,"column":0},"end":{"line":55,"column":0}},"55":{"start":{"line":56,"column":0},"end":{"line":56,"column":32}},"56":{"start":{"line":57,"column":0},"end":{"line":57,"column":26}},"57":{"start":{"line":58,"column":0},"end":{"line":58,"column":0}},"58":{"start":{"line":59,"column":0},"end":{"line":59,"column":26}},"59":{"start":{"line":60,"column":0},"end":{"line":60,"column":4}},"60":{"start":{"line":61,"column":0},"end":{"line":61,"column":0}},"61":{"start":{"line":62,"column":0},"end":{"line":62,"column":10}},"62":{"start":{"line":63,"column":0},"end":{"line":63,"column":36}},"63":{"start":{"line":64,"column":0},"end":{"line":64,"column":30}},"64":{"start":{"line":65,"column":0},"end":{"line":65,"column":66}},"65":{"start":{"line":66,"column":0},"end":{"line":66,"column":11}},"66":{"start":{"line":67,"column":0},"end":{"line":67,"column":0}},"67":{"start":{"line":68,"column":0},"end":{"line":68,"column":26}},"68":{"start":{"line":69,"column":0},"end":{"line":69,"column":10}},"69":{"start":{"line":70,"column":0},"end":{"line":70,"column":34}},"70":{"start":{"line":71,"column":0},"end":{"line":71,"column":70}},"71":{"start":{"line":72,"column":0},"end":{"line":72,"column":57}},"72":{"start":{"line":73,"column":0},"end":{"line":73,"column":20}},"73":{"start":{"line":74,"column":0},"end":{"line":74,"column":40}},"74":{"start":{"line":75,"column":0},"end":{"line":75,"column":36}},"75":{"start":{"line":76,"column":0},"end":{"line":76,"column":42}},"76":{"start":{"line":77,"column":0},"end":{"line":77,"column":28}},"77":{"start":{"line":78,"column":0},"end":{"line":78,"column":18}},"78":{"start":{"line":79,"column":0},"end":{"line":79,"column":0}},"79":{"start":{"line":80,"column":0},"end":{"line":80,"column":45}},"80":{"start":{"line":81,"column":0},"end":{"line":81,"column":58}},"81":{"start":{"line":82,"column":0},"end":{"line":82,"column":38}},"82":{"start":{"line":83,"column":0},"end":{"line":83,"column":61}},"83":{"start":{"line":84,"column":0},"end":{"line":84,"column":54}},"84":{"start":{"line":85,"column":0},"end":{"line":85,"column":22}},"85":{"start":{"line":86,"column":0},"end":{"line":86,"column":22}},"86":{"start":{"line":87,"column":0},"end":{"line":87,"column":0}},"87":{"start":{"line":88,"column":0},"end":{"line":88,"column":48}},"88":{"start":{"line":89,"column":0},"end":{"line":89,"column":59}},"89":{"start":{"line":90,"column":0},"end":{"line":90,"column":25}},"90":{"start":{"line":91,"column":0},"end":{"line":91,"column":64}},"91":{"start":{"line":92,"column":0},"end":{"line":92,"column":64}},"92":{"start":{"line":93,"column":0},"end":{"line":93,"column":19}},"93":{"start":{"line":94,"column":0},"end":{"line":94,"column":21}},"94":{"start":{"line":95,"column":0},"end":{"line":95,"column":27}},"95":{"start":{"line":96,"column":0},"end":{"line":96,"column":66}},"96":{"start":{"line":97,"column":0},"end":{"line":97,"column":25}},"97":{"start":{"line":98,"column":0},"end":{"line":98,"column":64}},"98":{"start":{"line":99,"column":0},"end":{"line":99,"column":61}},"99":{"start":{"line":100,"column":0},"end":{"line":100,"column":19}},"100":{"start":{"line":101,"column":0},"end":{"line":101,"column":21}},"101":{"start":{"line":102,"column":0},"end":{"line":102,"column":27}},"102":{"start":{"line":103,"column":0},"end":{"line":103,"column":22}},"103":{"start":{"line":104,"column":0},"end":{"line":104,"column":0}},"104":{"start":{"line":105,"column":0},"end":{"line":105,"column":35}},"105":{"start":{"line":106,"column":0},"end":{"line":106,"column":23}},"106":{"start":{"line":107,"column":0},"end":{"line":107,"column":64}},"107":{"start":{"line":108,"column":0},"end":{"line":108,"column":62}},"108":{"start":{"line":109,"column":0},"end":{"line":109,"column":17}},"109":{"start":{"line":110,"column":0},"end":{"line":110,"column":29}},"110":{"start":{"line":111,"column":0},"end":{"line":111,"column":25}},"111":{"start":{"line":112,"column":0},"end":{"line":112,"column":20}},"112":{"start":{"line":113,"column":0},"end":{"line":113,"column":18}},"113":{"start":{"line":114,"column":0},"end":{"line":114,"column":13}},"114":{"start":{"line":115,"column":0},"end":{"line":115,"column":35}},"115":{"start":{"line":116,"column":0},"end":{"line":116,"column":41}},"116":{"start":{"line":117,"column":0},"end":{"line":117,"column":19}},"117":{"start":{"line":118,"column":0},"end":{"line":118,"column":58}},"118":{"start":{"line":119,"column":0},"end":{"line":119,"column":51}},"119":{"start":{"line":120,"column":0},"end":{"line":120,"column":13}},"120":{"start":{"line":121,"column":0},"end":{"line":121,"column":24}},"121":{"start":{"line":122,"column":0},"end":{"line":122,"column":21}},"122":{"start":{"line":123,"column":0},"end":{"line":123,"column":46}},"123":{"start":{"line":124,"column":0},"end":{"line":124,"column":19}},"124":{"start":{"line":125,"column":0},"end":{"line":125,"column":54}},"125":{"start":{"line":126,"column":0},"end":{"line":126,"column":38}},"126":{"start":{"line":127,"column":0},"end":{"line":127,"column":13}},"127":{"start":{"line":128,"column":0},"end":{"line":128,"column":33}},"128":{"start":{"line":129,"column":0},"end":{"line":129,"column":21}},"129":{"start":{"line":130,"column":0},"end":{"line":130,"column":16}},"130":{"start":{"line":131,"column":0},"end":{"line":131,"column":11}},"131":{"start":{"line":132,"column":0},"end":{"line":132,"column":11}},"132":{"start":{"line":133,"column":0},"end":{"line":133,"column":34}},"133":{"start":{"line":134,"column":0},"end":{"line":134,"column":8}},"134":{"start":{"line":135,"column":0},"end":{"line":135,"column":10}},"135":{"start":{"line":136,"column":0},"end":{"line":136,"column":4}},"136":{"start":{"line":137,"column":0},"end":{"line":137,"column":2}},"137":{"start":{"line":138,"column":0},"end":{"line":138,"column":0}},"138":{"start":{"line":139,"column":0},"end":{"line":139,"column":20}}},"s":{"0":1,"1":1,"2":1,"3":1,"4":1,"5":1,"6":1,"7":1,"8":7,"9":7,"10":7,"11":7,"12":7,"13":7,"14":7,"15":1,"16":1,"17":7,"18":7,"19":7,"20":1,"21":1,"22":7,"23":7,"24":7,"25":2,"26":1,"27":1,"28":1,"29":1,"30":1,"31":1,"32":1,"33":1,"34":1,"35":1,"36":1,"37":1,"38":1,"39":1,"40":1,"41":1,"42":1,"43":1,"44":1,"45":1,"46":1,"47":1,"48":2,"49":2,"50":2,"51":2,"52":2,"53":2,"54":2,"55":2,"56":2,"57":2,"58":2,"59":2,"60":7,"61":7,"62":7,"63":7,"64":7,"65":7,"66":7,"67":7,"68":6,"69":6,"70":6,"71":6,"72":6,"73":6,"74":6,"75":6,"76":6,"77":6,"78":6,"79":6,"80":6,"81":6,"82":6,"83":6,"84":6,"85":6,"86":6,"87":6,"88":6,"89":6,"90":6,"91":6,"92":6,"93":6,"94":6,"95":6,"96":6,"97":6,"98":6,"99":6,"100":6,"101":6,"102":6,"103":6,"104":6,"105":6,"106":6,"107":6,"108":6,"109":6,"110":6,"111":6,"112":6,"113":6,"114":6,"115":6,"116":6,"117":6,"118":6,"119":6,"120":6,"121":6,"122":6,"123":6,"124":6,"125":6,"126":6,"127":6,"128":6,"129":6,"130":6,"131":1,"132":1,"133":7,"134":7,"135":7,"136":7,"137":1,"138":1},"branchMap":{"0":{"type":"branch","line":8,"loc":{"start":{"line":8,"column":13},"end":{"line":137,"column":2}},"locations":[{"start":{"line":8,"column":13},"end":{"line":137,"column":2}}]},"1":{"type":"branch","line":65,"loc":{"start":{"line":65,"column":52},"end":{"line":65,"column":62}},"locations":[{"start":{"line":65,"column":52},"end":{"line":65,"column":62}}]},"2":{"type":"branch","line":65,"loc":{"start":{"line":65,"column":56},"end":{"line":65,"column":65}},"locations":[{"start":{"line":65,"column":56},"end":{"line":65,"column":65}}]},"3":{"type":"branch","line":68,"loc":{"start":{"line":68,"column":21},"end":{"line":131,"column":11}},"locations":[{"start":{"line":68,"column":21},"end":{"line":131,"column":11}}]},"4":{"type":"branch","line":131,"loc":{"start":{"line":131,"column":8},"end":{"line":133,"column":34}},"locations":[{"start":{"line":131,"column":8},"end":{"line":133,"column":34}}]},"5":{"type":"branch","line":9,"loc":{"start":{"line":9,"column":27},"end":{"line":9,"column":54}},"locations":[{"start":{"line":9,"column":27},"end":{"line":9,"column":54}}]},"6":{"type":"branch","line":10,"loc":{"start":{"line":10,"column":27},"end":{"line":10,"column":54}},"locations":[{"start":{"line":10,"column":27},"end":{"line":10,"column":54}}]},"7":{"type":"branch","line":15,"loc":{"start":{"line":15,"column":27},"end":{"line":17,"column":4}},"locations":[{"start":{"line":15,"column":27},"end":{"line":17,"column":4}}]},"8":{"type":"branch","line":20,"loc":{"start":{"line":20,"column":27},"end":{"line":22,"column":4}},"locations":[{"start":{"line":20,"column":27},"end":{"line":22,"column":4}}]},"9":{"type":"branch","line":25,"loc":{"start":{"line":25,"column":25},"end":{"line":60,"column":4}},"locations":[{"start":{"line":25,"column":25},"end":{"line":60,"column":4}}]},"10":{"type":"branch","line":26,"loc":{"start":{"line":26,"column":26},"end":{"line":32,"column":34}},"locations":[{"start":{"line":26,"column":26},"end":{"line":32,"column":34}}]},"11":{"type":"branch","line":32,"loc":{"start":{"line":32,"column":27},"end":{"line":32,"column":34}},"locations":[{"start":{"line":32,"column":27},"end":{"line":32,"column":34}}]},"12":{"type":"branch","line":32,"loc":{"start":{"line":32,"column":27},"end":{"line":48,"column":73}},"locations":[{"start":{"line":32,"column":27},"end":{"line":48,"column":73}}]},"13":{"type":"branch","line":38,"loc":{"start":{"line":38,"column":8},"end":{"line":38,"column":60}},"locations":[{"start":{"line":38,"column":8},"end":{"line":38,"column":60}}]},"14":{"type":"branch","line":70,"loc":{"start":{"line":70,"column":20},"end":{"line":113,"column":18}},"locations":[{"start":{"line":70,"column":20},"end":{"line":113,"column":18}}]},"15":{"type":"branch","line":92,"loc":{"start":{"line":92,"column":29},"end":{"line":92,"column":64}},"locations":[{"start":{"line":92,"column":29},"end":{"line":92,"column":64}}]},"16":{"type":"branch","line":99,"loc":{"start":{"line":99,"column":29},"end":{"line":99,"column":61}},"locations":[{"start":{"line":99,"column":29},"end":{"line":99,"column":61}}]},"17":{"type":"branch","line":119,"loc":{"start":{"line":119,"column":23},"end":{"line":119,"column":51}},"locations":[{"start":{"line":119,"column":23},"end":{"line":119,"column":51}}]}},"b":{"0":[7],"1":[1],"2":[6],"3":[6],"4":[1],"5":[14],"6":[14],"7":[1],"8":[1],"9":[2],"10":[1],"11":[0],"12":[1],"13":[1],"14":[6],"15":[1],"16":[1],"17":[1]},"fnMap":{"0":{"name":"Cart","decl":{"start":{"line":8,"column":13},"end":{"line":137,"column":2}},"loc":{"start":{"line":8,"column":13},"end":{"line":137,"column":2}},"line":8},"1":{"name":"increaseQuantity","decl":{"start":{"line":15,"column":27},"end":{"line":17,"column":4}},"loc":{"start":{"line":15,"column":27},"end":{"line":17,"column":4}},"line":15},"2":{"name":"decreaseQuantity","decl":{"start":{"line":20,"column":27},"end":{"line":22,"column":4}},"loc":{"start":{"line":20,"column":27},"end":{"line":22,"column":4}},"line":20},"3":{"name":"handleCheckout","decl":{"start":{"line":25,"column":25},"end":{"line":60,"column":4}},"loc":{"start":{"line":25,"column":25},"end":{"line":60,"column":4}},"line":25},"4":{"name":"onClick","decl":{"start":{"line":92,"column":29},"end":{"line":92,"column":64}},"loc":{"start":{"line":92,"column":29},"end":{"line":92,"column":64}},"line":92},"5":{"name":"onClick","decl":{"start":{"line":99,"column":29},"end":{"line":99,"column":61}},"loc":{"start":{"line":99,"column":29},"end":{"line":99,"column":61}},"line":99},"6":{"name":"onClick","decl":{"start":{"line":108,"column":27},"end":{"line":108,"column":62}},"loc":{"start":{"line":108,"column":27},"end":{"line":108,"column":62}},"line":108},"7":{"name":"onClick","decl":{"start":{"line":119,"column":23},"end":{"line":119,"column":51}},"loc":{"start":{"line":119,"column":23},"end":{"line":119,"column":51}},"line":119}},"f":{"0":7,"1":1,"2":1,"3":2,"4":1,"5":1,"6":0,"7":1}}
,"C:\\Users\\DELL\\Desktop\\subka bazar redux - test case coverage\\subkabazar\\src\\pages\\OrderList\\OrderList.jsx": {"path":"C:\\Users\\DELL\\Desktop\\subka bazar redux - test case coverage\\subkabazar\\src\\pages\\OrderList\\OrderList.jsx","all":false,"statementMap":{"0":{"start":{"line":1,"column":0},"end":{"line":1,"column":41}},"1":{"start":{"line":2,"column":0},"end":{"line":2,"column":55}},"2":{"start":{"line":3,"column":0},"end":{"line":3,"column":51}},"3":{"start":{"line":4,"column":0},"end":{"line":4,"column":40}},"4":{"start":{"line":5,"column":0},"end":{"line":5,"column":46}},"5":{"start":{"line":6,"column":0},"end":{"line":6,"column":0}},"6":{"start":{"line":7,"column":0},"end":{"line":7,"column":25}},"7":{"start":{"line":8,"column":0},"end":{"line":8,"column":33}},"8":{"start":{"line":9,"column":0},"end":{"line":9,"column":60}},"9":{"start":{"line":10,"column":0},"end":{"line":10,"column":71}},"10":{"start":{"line":11,"column":0},"end":{"line":11,"column":62}},"11":{"start":{"line":12,"column":0},"end":{"line":12,"column":58}},"12":{"start":{"line":13,"column":0},"end":{"line":13,"column":0}},"13":{"start":{"line":14,"column":0},"end":{"line":14,"column":19}},"14":{"start":{"line":15,"column":0},"end":{"line":15,"column":20}},"15":{"start":{"line":16,"column":0},"end":{"line":16,"column":39}},"16":{"start":{"line":17,"column":0},"end":{"line":17,"column":5}},"17":{"start":{"line":18,"column":0},"end":{"line":18,"column":28}},"18":{"start":{"line":19,"column":0},"end":{"line":19,"column":0}},"19":{"start":{"line":20,"column":0},"end":{"line":20,"column":47}},"20":{"start":{"line":21,"column":0},"end":{"line":21,"column":59}},"21":{"start":{"line":22,"column":0},"end":{"line":22,"column":0}},"22":{"start":{"line":23,"column":0},"end":{"line":23,"column":10}},"23":{"start":{"line":24,"column":0},"end":{"line":24,"column":36}},"24":{"start":{"line":25,"column":0},"end":{"line":25,"column":49}},"25":{"start":{"line":26,"column":0},"end":{"line":26,"column":0}},"26":{"start":{"line":27,"column":0},"end":{"line":27,"column":28}},"27":{"start":{"line":28,"column":0},"end":{"line":28,"column":36}},"28":{"start":{"line":29,"column":0},"end":{"line":29,"column":34}},"29":{"start":{"line":30,"column":0},"end":{"line":30,"column":16}},"30":{"start":{"line":31,"column":0},"end":{"line":31,"column":29}},"31":{"start":{"line":32,"column":0},"end":{"line":32,"column":91}},"32":{"start":{"line":33,"column":0},"end":{"line":33,"column":13}},"33":{"start":{"line":34,"column":0},"end":{"line":34,"column":19}},"34":{"start":{"line":35,"column":0},"end":{"line":35,"column":46}},"35":{"start":{"line":36,"column":0},"end":{"line":36,"column":36}},"36":{"start":{"line":37,"column":0},"end":{"line":37,"column":67}},"37":{"start":{"line":38,"column":0},"end":{"line":38,"column":20}},"38":{"start":{"line":39,"column":0},"end":{"line":39,"column":77}},"39":{"start":{"line":40,"column":0},"end":{"line":40,"column":21}},"40":{"start":{"line":41,"column":0},"end":{"line":41,"column":38}},"41":{"start":{"line":42,"column":0},"end":{"line":42,"column":78}},"42":{"start":{"line":43,"column":0},"end":{"line":43,"column":21}},"43":{"start":{"line":44,"column":0},"end":{"line":44,"column":17}},"44":{"start":{"line":45,"column":0},"end":{"line":45,"column":32}},"45":{"start":{"line":46,"column":0},"end":{"line":46,"column":23}},"46":{"start":{"line":47,"column":0},"end":{"line":47,"column":20}},"47":{"start":{"line":48,"column":0},"end":{"line":48,"column":19}},"48":{"start":{"line":49,"column":0},"end":{"line":49,"column":43}},"49":{"start":{"line":50,"column":0},"end":{"line":50,"column":50}},"50":{"start":{"line":51,"column":0},"end":{"line":51,"column":15}},"51":{"start":{"line":52,"column":0},"end":{"line":52,"column":28}},"52":{"start":{"line":53,"column":0},"end":{"line":53,"column":21}},"53":{"start":{"line":54,"column":0},"end":{"line":54,"column":18}},"54":{"start":{"line":55,"column":0},"end":{"line":55,"column":13}},"55":{"start":{"line":56,"column":0},"end":{"line":56,"column":14}},"56":{"start":{"line":57,"column":0},"end":{"line":57,"column":11}},"57":{"start":{"line":58,"column":0},"end":{"line":58,"column":31}},"58":{"start":{"line":59,"column":0},"end":{"line":59,"column":8}},"59":{"start":{"line":60,"column":0},"end":{"line":60,"column":10}},"60":{"start":{"line":61,"column":0},"end":{"line":61,"column":4}},"61":{"start":{"line":62,"column":0},"end":{"line":62,"column":2}},"62":{"start":{"line":63,"column":0},"end":{"line":63,"column":0}},"63":{"start":{"line":64,"column":0},"end":{"line":64,"column":25}}},"s":{"0":1,"1":1,"2":1,"3":1,"4":1,"5":1,"6":1,"7":5,"8":5,"9":5,"10":5,"11":5,"12":5,"13":5,"14":5,"15":5,"16":5,"17":5,"18":5,"19":5,"20":5,"21":3,"22":3,"23":3,"24":3,"25":3,"26":3,"27":1,"28":1,"29":1,"30":1,"31":1,"32":1,"33":1,"34":1,"35":1,"36":1,"37":1,"38":1,"39":1,"40":1,"41":1,"42":1,"43":1,"44":1,"45":1,"46":1,"47":1,"48":1,"49":1,"50":1,"51":1,"52":1,"53":1,"54":1,"55":1,"56":2,"57":2,"58":5,"59":5,"60":5,"61":5,"62":1,"63":1},"branchMap":{"0":{"type":"branch","line":7,"loc":{"start":{"line":7,"column":18},"end":{"line":62,"column":2}},"locations":[{"start":{"line":7,"column":18},"end":{"line":62,"column":2}}]},"1":{"type":"branch","line":20,"loc":{"start":{"line":20,"column":15},"end":{"line":20,"column":47}},"locations":[{"start":{"line":20,"column":15},"end":{"line":20,"column":47}}]},"2":{"type":"branch","line":20,"loc":{"start":{"line":20,"column":42},"end":{"line":21,"column":20}},"locations":[{"start":{"line":20,"column":42},"end":{"line":21,"column":20}}]},"3":{"type":"branch","line":21,"loc":{"start":{"line":21,"column":13},"end":{"line":21,"column":59}},"locations":[{"start":{"line":21,"column":13},"end":{"line":21,"column":59}}]},"4":{"type":"branch","line":21,"loc":{"start":{"line":21,"column":54},"end":{"line":27,"column":28}},"locations":[{"start":{"line":21,"column":54},"end":{"line":27,"column":28}}]},"5":{"type":"branch","line":27,"loc":{"start":{"line":27,"column":23},"end":{"line":56,"column":14}},"locations":[{"start":{"line":27,"column":23},"end":{"line":56,"column":14}}]},"6":{"type":"branch","line":56,"loc":{"start":{"line":56,"column":8},"end":{"line":58,"column":31}},"locations":[{"start":{"line":56,"column":8},"end":{"line":58,"column":31}}]},"7":{"type":"branch","line":9,"loc":{"start":{"line":9,"column":29},"end":{"line":9,"column":58}},"locations":[{"start":{"line":9,"column":29},"end":{"line":9,"column":58}}]},"8":{"type":"branch","line":10,"loc":{"start":{"line":10,"column":32},"end":{"line":10,"column":69}},"locations":[{"start":{"line":10,"column":32},"end":{"line":10,"column":69}}]},"9":{"type":"branch","line":11,"loc":{"start":{"line":11,"column":30},"end":{"line":11,"column":60}},"locations":[{"start":{"line":11,"column":30},"end":{"line":11,"column":60}}]},"10":{"type":"branch","line":12,"loc":{"start":{"line":12,"column":28},"end":{"line":12,"column":56}},"locations":[{"start":{"line":12,"column":28},"end":{"line":12,"column":56}}]},"11":{"type":"branch","line":14,"loc":{"start":{"line":14,"column":12},"end":{"line":18,"column":5}},"locations":[{"start":{"line":14,"column":12},"end":{"line":18,"column":5}}]},"12":{"type":"branch","line":29,"loc":{"start":{"line":29,"column":22},"end":{"line":54,"column":18}},"locations":[{"start":{"line":29,"column":22},"end":{"line":54,"column":18}}]},"13":{"type":"branch","line":42,"loc":{"start":{"line":42,"column":51},"end":{"line":42,"column":78}},"locations":[{"start":{"line":42,"column":51},"end":{"line":42,"column":78}}]}},"b":{"0":[5],"1":[1],"2":[4],"3":[1],"4":[3],"5":[1],"6":[2],"7":[10],"8":[10],"9":[10],"10":[10],"11":[5],"12":[1],"13":[0]},"fnMap":{"0":{"name":"OrderList","decl":{"start":{"line":7,"column":18},"end":{"line":62,"column":2}},"loc":{"start":{"line":7,"column":18},"end":{"line":62,"column":2}},"line":7}},"f":{"0":5}}
,"C:\\Users\\DELL\\Desktop\\subka bazar redux - test case coverage\\subkabazar\\src\\pages\\Products\\Products.jsx": {"path":"C:\\Users\\DELL\\Desktop\\subka bazar redux - test case coverage\\subkabazar\\src\\pages\\Products\\Products.jsx","all":false,"statementMap":{"0":{"start":{"line":1,"column":0},"end":{"line":1,"column":51}},"1":{"start":{"line":2,"column":0},"end":{"line":2,"column":55}},"2":{"start":{"line":3,"column":0},"end":{"line":3,"column":8}},"3":{"start":{"line":4,"column":0},"end":{"line":4,"column":16}},"4":{"start":{"line":5,"column":0},"end":{"line":5,"column":18}},"5":{"start":{"line":6,"column":0},"end":{"line":6,"column":12}},"6":{"start":{"line":7,"column":0},"end":{"line":7,"column":17}},"7":{"start":{"line":8,"column":0},"end":{"line":8,"column":17}},"8":{"start":{"line":9,"column":0},"end":{"line":9,"column":30}},"9":{"start":{"line":10,"column":0},"end":{"line":10,"column":51}},"10":{"start":{"line":11,"column":0},"end":{"line":11,"column":49}},"11":{"start":{"line":12,"column":0},"end":{"line":12,"column":46}},"12":{"start":{"line":13,"column":0},"end":{"line":13,"column":0}},"13":{"start":{"line":14,"column":0},"end":{"line":14,"column":24}},"14":{"start":{"line":15,"column":0},"end":{"line":15,"column":33}},"15":{"start":{"line":16,"column":0},"end":{"line":16,"column":66}},"16":{"start":{"line":17,"column":0},"end":{"line":17,"column":26}},"17":{"start":{"line":18,"column":0},"end":{"line":18,"column":4}},"18":{"start":{"line":19,"column":0},"end":{"line":19,"column":29}},"19":{"start":{"line":20,"column":0},"end":{"line":20,"column":51}},"20":{"start":{"line":21,"column":0},"end":{"line":21,"column":0}},"21":{"start":{"line":22,"column":0},"end":{"line":22,"column":19}},"22":{"start":{"line":23,"column":0},"end":{"line":23,"column":30}},"23":{"start":{"line":24,"column":0},"end":{"line":24,"column":32}},"24":{"start":{"line":25,"column":0},"end":{"line":25,"column":17}},"25":{"start":{"line":26,"column":0},"end":{"line":26,"column":0}},"26":{"start":{"line":27,"column":0},"end":{"line":27,"column":19}},"27":{"start":{"line":28,"column":0},"end":{"line":28,"column":26}},"28":{"start":{"line":29,"column":0},"end":{"line":29,"column":11}},"29":{"start":{"line":30,"column":0},"end":{"line":30,"column":0}},"30":{"start":{"line":31,"column":0},"end":{"line":31,"column":41}},"31":{"start":{"line":32,"column":0},"end":{"line":32,"column":33}},"32":{"start":{"line":33,"column":0},"end":{"line":33,"column":30}},"33":{"start":{"line":34,"column":0},"end":{"line":34,"column":14}},"34":{"start":{"line":35,"column":0},"end":{"line":35,"column":48}},"35":{"start":{"line":36,"column":0},"end":{"line":36,"column":8}},"36":{"start":{"line":37,"column":0},"end":{"line":37,"column":4}},"37":{"start":{"line":38,"column":0},"end":{"line":38,"column":0}},"38":{"start":{"line":39,"column":0},"end":{"line":39,"column":43}},"39":{"start":{"line":40,"column":0},"end":{"line":40,"column":40}},"40":{"start":{"line":41,"column":0},"end":{"line":41,"column":30}},"41":{"start":{"line":42,"column":0},"end":{"line":42,"column":14}},"42":{"start":{"line":43,"column":0},"end":{"line":43,"column":59}},"43":{"start":{"line":44,"column":0},"end":{"line":44,"column":8}},"44":{"start":{"line":45,"column":0},"end":{"line":45,"column":4}},"45":{"start":{"line":46,"column":0},"end":{"line":46,"column":0}},"46":{"start":{"line":47,"column":0},"end":{"line":47,"column":10}},"47":{"start":{"line":48,"column":0},"end":{"line":48,"column":36}},"48":{"start":{"line":49,"column":0},"end":{"line":49,"column":28}},"49":{"start":{"line":50,"column":0},"end":{"line":50,"column":41}},"50":{"start":{"line":51,"column":0},"end":{"line":51,"column":39}},"51":{"start":{"line":52,"column":0},"end":{"line":52,"column":54}},"52":{"start":{"line":53,"column":0},"end":{"line":53,"column":17}},"53":{"start":{"line":54,"column":0},"end":{"line":54,"column":45}},"54":{"start":{"line":55,"column":0},"end":{"line":55,"column":74}},"55":{"start":{"line":56,"column":0},"end":{"line":56,"column":67}},"56":{"start":{"line":57,"column":0},"end":{"line":57,"column":13}},"57":{"start":{"line":58,"column":0},"end":{"line":58,"column":29}},"58":{"start":{"line":59,"column":0},"end":{"line":59,"column":19}},"59":{"start":{"line":60,"column":0},"end":{"line":60,"column":15}},"60":{"start":{"line":61,"column":0},"end":{"line":61,"column":11}},"61":{"start":{"line":62,"column":0},"end":{"line":62,"column":11}},"62":{"start":{"line":63,"column":0},"end":{"line":63,"column":0}},"63":{"start":{"line":64,"column":0},"end":{"line":64,"column":27}},"64":{"start":{"line":65,"column":0},"end":{"line":65,"column":27}},"65":{"start":{"line":66,"column":0},"end":{"line":66,"column":17}},"66":{"start":{"line":67,"column":0},"end":{"line":67,"column":18}},"67":{"start":{"line":68,"column":0},"end":{"line":68,"column":24}},"68":{"start":{"line":69,"column":0},"end":{"line":69,"column":78}},"69":{"start":{"line":70,"column":0},"end":{"line":70,"column":11}},"70":{"start":{"line":71,"column":0},"end":{"line":71,"column":29}},"71":{"start":{"line":72,"column":0},"end":{"line":72,"column":69}},"72":{"start":{"line":73,"column":0},"end":{"line":73,"column":71}},"73":{"start":{"line":74,"column":0},"end":{"line":74,"column":20}},"74":{"start":{"line":75,"column":0},"end":{"line":75,"column":40}},"75":{"start":{"line":76,"column":0},"end":{"line":76,"column":36}},"76":{"start":{"line":77,"column":0},"end":{"line":77,"column":42}},"77":{"start":{"line":78,"column":0},"end":{"line":78,"column":18}},"78":{"start":{"line":79,"column":0},"end":{"line":79,"column":62}},"79":{"start":{"line":80,"column":0},"end":{"line":80,"column":64}},"80":{"start":{"line":81,"column":0},"end":{"line":81,"column":66}},"81":{"start":{"line":82,"column":0},"end":{"line":82,"column":41}},"82":{"start":{"line":83,"column":0},"end":{"line":83,"column":22}},"83":{"start":{"line":84,"column":0},"end":{"line":84,"column":22}},"84":{"start":{"line":85,"column":0},"end":{"line":85,"column":95}},"85":{"start":{"line":86,"column":0},"end":{"line":86,"column":79}},"86":{"start":{"line":87,"column":0},"end":{"line":87,"column":45}},"87":{"start":{"line":88,"column":0},"end":{"line":88,"column":27}},"88":{"start":{"line":89,"column":0},"end":{"line":89,"column":56}},"89":{"start":{"line":90,"column":0},"end":{"line":90,"column":66}},"90":{"start":{"line":91,"column":0},"end":{"line":91,"column":52}},"91":{"start":{"line":92,"column":0},"end":{"line":92,"column":21}},"92":{"start":{"line":93,"column":0},"end":{"line":93,"column":33}},"93":{"start":{"line":94,"column":0},"end":{"line":94,"column":29}},"94":{"start":{"line":95,"column":0},"end":{"line":95,"column":64}},"95":{"start":{"line":96,"column":0},"end":{"line":96,"column":51}},"96":{"start":{"line":97,"column":0},"end":{"line":97,"column":27}},"97":{"start":{"line":98,"column":0},"end":{"line":98,"column":27}},"98":{"start":{"line":99,"column":0},"end":{"line":99,"column":57}},"99":{"start":{"line":100,"column":0},"end":{"line":100,"column":63}},"100":{"start":{"line":101,"column":0},"end":{"line":101,"column":52}},"101":{"start":{"line":102,"column":0},"end":{"line":102,"column":21}},"102":{"start":{"line":103,"column":0},"end":{"line":103,"column":32}},"103":{"start":{"line":104,"column":0},"end":{"line":104,"column":29}},"104":{"start":{"line":105,"column":0},"end":{"line":105,"column":24}},"105":{"start":{"line":106,"column":0},"end":{"line":106,"column":22}},"106":{"start":{"line":107,"column":0},"end":{"line":107,"column":20}},"107":{"start":{"line":108,"column":0},"end":{"line":108,"column":18}},"108":{"start":{"line":109,"column":0},"end":{"line":109,"column":13}},"109":{"start":{"line":110,"column":0},"end":{"line":110,"column":12}},"110":{"start":{"line":111,"column":0},"end":{"line":111,"column":10}},"111":{"start":{"line":112,"column":0},"end":{"line":112,"column":4}},"112":{"start":{"line":113,"column":0},"end":{"line":113,"column":2}},"113":{"start":{"line":114,"column":0},"end":{"line":114,"column":0}},"114":{"start":{"line":115,"column":0},"end":{"line":115,"column":24}}},"s":{"0":1,"1":1,"2":1,"3":1,"4":1,"5":1,"6":1,"7":1,"8":1,"9":1,"10":1,"11":1,"12":1,"13":1,"14":7,"15":7,"16":7,"17":7,"18":7,"19":7,"20":7,"21":7,"22":5,"23":5,"24":7,"25":7,"26":7,"27":5,"28":7,"29":7,"30":7,"31":1,"32":1,"33":1,"34":1,"35":1,"36":1,"37":7,"38":7,"39":1,"40":1,"41":1,"42":1,"43":1,"44":1,"45":7,"46":7,"47":7,"48":7,"49":7,"50":7,"51":7,"52":7,"53":7,"54":7,"55":7,"56":7,"57":7,"58":7,"59":7,"60":7,"61":7,"62":7,"63":7,"64":7,"65":7,"66":7,"67":7,"68":14,"69":7,"70":7,"71":14,"72":14,"73":14,"74":14,"75":14,"76":14,"77":14,"78":14,"79":14,"80":14,"81":14,"82":14,"83":14,"84":14,"85":14,"86":14,"87":14,"88":14,"89":14,"90":14,"91":14,"92":14,"93":14,"94":14,"95":14,"96":14,"97":14,"98":14,"99":14,"100":14,"101":14,"102":14,"103":14,"104":14,"105":14,"106":14,"107":14,"108":7,"109":7,"110":7,"111":7,"112":7,"113":1,"114":1},"branchMap":{"0":{"type":"branch","line":14,"loc":{"start":{"line":14,"column":17},"end":{"line":113,"column":2}},"locations":[{"start":{"line":14,"column":17},"end":{"line":113,"column":2}}]},"1":{"type":"branch","line":17,"loc":{"start":{"line":17,"column":4},"end":{"line":17,"column":26}},"locations":[{"start":{"line":17,"column":4},"end":{"line":17,"column":26}}]},"2":{"type":"branch","line":22,"loc":{"start":{"line":22,"column":12},"end":{"line":25,"column":5}},"locations":[{"start":{"line":22,"column":12},"end":{"line":25,"column":5}}]},"3":{"type":"branch","line":27,"loc":{"start":{"line":27,"column":12},"end":{"line":29,"column":5}},"locations":[{"start":{"line":27,"column":12},"end":{"line":29,"column":5}}]},"4":{"type":"branch","line":31,"loc":{"start":{"line":31,"column":27},"end":{"line":37,"column":4}},"locations":[{"start":{"line":31,"column":27},"end":{"line":37,"column":4}}]},"5":{"type":"branch","line":33,"loc":{"start":{"line":33,"column":18},"end":{"line":36,"column":6}},"locations":[{"start":{"line":33,"column":18},"end":{"line":36,"column":6}}]},"6":{"type":"branch","line":39,"loc":{"start":{"line":39,"column":27},"end":{"line":45,"column":4}},"locations":[{"start":{"line":39,"column":27},"end":{"line":45,"column":4}}]},"7":{"type":"branch","line":41,"loc":{"start":{"line":41,"column":18},"end":{"line":44,"column":6}},"locations":[{"start":{"line":41,"column":18},"end":{"line":44,"column":6}}]},"8":{"type":"branch","line":51,"loc":{"start":{"line":51,"column":24},"end":{"line":60,"column":15}},"locations":[{"start":{"line":51,"column":24},"end":{"line":60,"column":15}}]},"9":{"type":"branch","line":55,"loc":{"start":{"line":55,"column":53},"end":{"line":55,"column":69}},"locations":[{"start":{"line":55,"column":53},"end":{"line":55,"column":69}}]},"10":{"type":"branch","line":56,"loc":{"start":{"line":56,"column":23},"end":{"line":56,"column":67}},"locations":[{"start":{"line":56,"column":23},"end":{"line":56,"column":67}}]},"11":{"type":"branch","line":68,"loc":{"start":{"line":68,"column":12},"end":{"line":69,"column":78}},"locations":[{"start":{"line":68,"column":12},"end":{"line":69,"column":78}}]},"12":{"type":"branch","line":69,"loc":{"start":{"line":69,"column":30},"end":{"line":69,"column":78}},"locations":[{"start":{"line":69,"column":30},"end":{"line":69,"column":78}}]},"13":{"type":"branch","line":71,"loc":{"start":{"line":71,"column":15},"end":{"line":108,"column":18}},"locations":[{"start":{"line":71,"column":15},"end":{"line":108,"column":18}}]},"14":{"type":"branch","line":96,"loc":{"start":{"line":96,"column":44},"end":{"line":96,"column":51}},"locations":[{"start":{"line":96,"column":44},"end":{"line":96,"column":51}}]},"15":{"type":"branch","line":90,"loc":{"start":{"line":90,"column":31},"end":{"line":90,"column":66}},"locations":[{"start":{"line":90,"column":31},"end":{"line":90,"column":66}}]},"16":{"type":"branch","line":100,"loc":{"start":{"line":100,"column":31},"end":{"line":100,"column":63}},"locations":[{"start":{"line":100,"column":31},"end":{"line":100,"column":63}}]}},"b":{"0":[7],"1":[12],"2":[5],"3":[5],"4":[1],"5":[1],"6":[1],"7":[1],"8":[7],"9":[0],"10":[1],"11":[14],"12":[0],"13":[14],"14":[13],"15":[1],"16":[1]},"fnMap":{"0":{"name":"Products","decl":{"start":{"line":14,"column":17},"end":{"line":113,"column":2}},"loc":{"start":{"line":14,"column":17},"end":{"line":113,"column":2}},"line":14},"1":{"name":"increaseQuantity","decl":{"start":{"line":31,"column":27},"end":{"line":37,"column":4}},"loc":{"start":{"line":31,"column":27},"end":{"line":37,"column":4}},"line":31},"2":{"name":"decreaseQuantity","decl":{"start":{"line":39,"column":27},"end":{"line":45,"column":4}},"loc":{"start":{"line":39,"column":27},"end":{"line":45,"column":4}},"line":39},"3":{"name":"onClick","decl":{"start":{"line":56,"column":23},"end":{"line":56,"column":67}},"loc":{"start":{"line":56,"column":23},"end":{"line":56,"column":67}},"line":56},"4":{"name":"onClick","decl":{"start":{"line":90,"column":31},"end":{"line":90,"column":66}},"loc":{"start":{"line":90,"column":31},"end":{"line":90,"column":66}},"line":90},"5":{"name":"onClick","decl":{"start":{"line":100,"column":31},"end":{"line":100,"column":63}},"loc":{"start":{"line":100,"column":31},"end":{"line":100,"column":63}},"line":100}},"f":{"0":7,"1":1,"2":1,"3":1,"4":1,"5":1}}
}
